{"numTotalTestSuites":35,"numPassedTestSuites":35,"numFailedTestSuites":0,"numPendingTestSuites":0,"numTotalTests":65,"numPassedTests":65,"numFailedTests":0,"numPendingTests":0,"numTodoTests":0,"startTime":1767127005202,"success":true,"testResults":[{"assertionResults":[{"ancestorTitles":["","RAGHealthBadge","Loading State"],"fullName":" RAGHealthBadge Loading State shows loading spinner when isLoading is true","status":"passed","title":"shows loading spinner when isLoading is true","duration":11,"failureMessages":[]},{"ancestorTitles":["","RAGHealthBadge","Loading State"],"fullName":" RAGHealthBadge Loading State does not show loading text in compact mode","status":"passed","title":"does not show loading text in compact mode","duration":1,"failureMessages":[]},{"ancestorTitles":["","RAGHealthBadge","Healthy Status"],"fullName":" RAGHealthBadge Healthy Status renders healthy badge with correct score","status":"passed","title":"renders healthy badge with correct score","duration":2,"failureMessages":[]},{"ancestorTitles":["","RAGHealthBadge","Healthy Status"],"fullName":" RAGHealthBadge Healthy Status applies green styling for healthy status","status":"passed","title":"applies green styling for healthy status","duration":1,"failureMessages":[]},{"ancestorTitles":["","RAGHealthBadge","Degraded Status"],"fullName":" RAGHealthBadge Degraded Status renders degraded badge with correct score","status":"passed","title":"renders degraded badge with correct score","duration":1,"failureMessages":[]},{"ancestorTitles":["","RAGHealthBadge","Degraded Status"],"fullName":" RAGHealthBadge Degraded Status applies yellow styling for degraded status","status":"passed","title":"applies yellow styling for degraded status","duration":1,"failureMessages":[]},{"ancestorTitles":["","RAGHealthBadge","Unhealthy Status"],"fullName":" RAGHealthBadge Unhealthy Status renders unhealthy badge with correct score","status":"passed","title":"renders unhealthy badge with correct score","duration":0,"failureMessages":[]},{"ancestorTitles":["","RAGHealthBadge","Unhealthy Status"],"fullName":" RAGHealthBadge Unhealthy Status applies red styling for unhealthy status","status":"passed","title":"applies red styling for unhealthy status","duration":1,"failureMessages":[]},{"ancestorTitles":["","RAGHealthBadge","Error Status"],"fullName":" RAGHealthBadge Error Status renders error badge with 0% score","status":"passed","title":"renders error badge with 0% score","duration":1,"failureMessages":[]},{"ancestorTitles":["","RAGHealthBadge","Not Evaluated State"],"fullName":" RAGHealthBadge Not Evaluated State shows N/A when no evaluation provided","status":"passed","title":"shows N/A when no evaluation provided","duration":1,"failureMessages":[]},{"ancestorTitles":["","RAGHealthBadge","Not Evaluated State"],"fullName":" RAGHealthBadge Not Evaluated State shows N/A when evaluation is undefined","status":"passed","title":"shows N/A when evaluation is undefined","duration":0,"failureMessages":[]},{"ancestorTitles":["","RAGHealthBadge","Compact Mode"],"fullName":" RAGHealthBadge Compact Mode does not show score text in compact mode","status":"passed","title":"does not show score text in compact mode","duration":1,"failureMessages":[]},{"ancestorTitles":["","RAGHealthBadge","Compact Mode"],"fullName":" RAGHealthBadge Compact Mode still shows icon in compact mode","status":"passed","title":"still shows icon in compact mode","duration":0,"failureMessages":[]},{"ancestorTitles":["","RAGHealthBadge","Tooltip"],"fullName":" RAGHealthBadge Tooltip shows tooltip on hover when showDetails is true","status":"passed","title":"shows tooltip on hover when showDetails is true","duration":13,"failureMessages":[]},{"ancestorTitles":["","RAGHealthBadge","Tooltip"],"fullName":" RAGHealthBadge Tooltip shows health score in tooltip","status":"passed","title":"shows health score in tooltip","duration":3,"failureMessages":[]},{"ancestorTitles":["","RAGHealthBadge","Tooltip"],"fullName":" RAGHealthBadge Tooltip shows retrieval success rate in tooltip when available","status":"passed","title":"shows retrieval success rate in tooltip when available","duration":4,"failureMessages":[]},{"ancestorTitles":["","RAGHealthBadge","Tooltip"],"fullName":" RAGHealthBadge Tooltip shows issues in tooltip when present","status":"passed","title":"shows issues in tooltip when present","duration":5,"failureMessages":[]},{"ancestorTitles":["","RAGHealthBadge","Tooltip"],"fullName":" RAGHealthBadge Tooltip shows multiple issues with correct severity icons","status":"passed","title":"shows multiple issues with correct severity icons","duration":4,"failureMessages":[]},{"ancestorTitles":["","RAGHealthBadge","Tooltip"],"fullName":" RAGHealthBadge Tooltip hides tooltip when showDetails is false","status":"passed","title":"hides tooltip when showDetails is false","duration":0,"failureMessages":[]},{"ancestorTitles":["","RAGHealthBadge","Refresh Button"],"fullName":" RAGHealthBadge Refresh Button shows refresh button in tooltip when onRefresh provided","status":"passed","title":"shows refresh button in tooltip when onRefresh provided","duration":20,"failureMessages":[]},{"ancestorTitles":["","RAGHealthBadge","Refresh Button"],"fullName":" RAGHealthBadge Refresh Button calls onRefresh when refresh button clicked","status":"passed","title":"calls onRefresh when refresh button clicked","duration":5,"failureMessages":[]},{"ancestorTitles":["","RAGHealthBadge","Refresh Button"],"fullName":" RAGHealthBadge Refresh Button shows Run Evaluation button for unevaluated sources","status":"passed","title":"shows Run Evaluation button for unevaluated sources","duration":4,"failureMessages":[]},{"ancestorTitles":["","RAGHealthBadge","Last Evaluated Time"],"fullName":" RAGHealthBadge Last Evaluated Time shows last evaluated time in tooltip","status":"passed","title":"shows last evaluated time in tooltip","duration":3,"failureMessages":[]},{"ancestorTitles":["","RAGHealthBadge","Edge Cases"],"fullName":" RAGHealthBadge Edge Cases handles evaluation with no issues array","status":"passed","title":"handles evaluation with no issues array","duration":0,"failureMessages":[]},{"ancestorTitles":["","RAGHealthBadge","Edge Cases"],"fullName":" RAGHealthBadge Edge Cases handles very low health score","status":"passed","title":"handles very low health score","duration":1,"failureMessages":[]},{"ancestorTitles":["","RAGHealthBadge","Edge Cases"],"fullName":" RAGHealthBadge Edge Cases rounds health score to nearest integer","status":"passed","title":"rounds health score to nearest integer","duration":1,"failureMessages":[]},{"ancestorTitles":["","RAGHealthBadge","Edge Cases"],"fullName":" RAGHealthBadge Edge Cases handles 100% health score","status":"passed","title":"handles 100% health score","duration":0,"failureMessages":[]}],"startTime":1767127014032,"endTime":1767127014116,"status":"passed","message":"","name":"/Users/abhilashchadhar/uncloud/Chipos-workarea/ChipOS-with-chat/ChipOS/chipos-acf/chipos-ui-main/src/components/knowledge-base/tests/RAGHealthBadge.test.tsx"},{"assertionResults":[{"ancestorTitles":["","useAgentWorkOrderQueries"],"fullName":" useAgentWorkOrderQueries lists work orders","status":"passed","title":"lists work orders","duration":60,"failureMessages":[]},{"ancestorTitles":["","useAgentWorkOrderQueries"],"fullName":" useAgentWorkOrderQueries creates a work order","status":"passed","title":"creates a work order","duration":1,"failureMessages":[]}],"startTime":1767127014120,"endTime":1767127014181,"status":"passed","message":"","name":"/Users/abhilashchadhar/uncloud/Chipos-workarea/ChipOS-with-chat/ChipOS/chipos-acf/chipos-ui-main/src/features/agent-work-orders/hooks/tests/useAgentWorkOrderQueries.test.ts"},{"assertionResults":[{"ancestorTitles":["","ProjectCard"],"fullName":" ProjectCard should render project title","status":"passed","title":"should render project title","duration":43,"failureMessages":[]},{"ancestorTitles":["","ProjectCard"],"fullName":" ProjectCard should display task counts","status":"passed","title":"should display task counts","duration":7,"failureMessages":[]},{"ancestorTitles":["","ProjectCard"],"fullName":" ProjectCard should call onSelect when clicked","status":"passed","title":"should call onSelect when clicked","duration":23,"failureMessages":[]},{"ancestorTitles":["","ProjectCard"],"fullName":" ProjectCard should apply selected styles when isSelected is true","status":"passed","title":"should apply selected styles when isSelected is true","duration":23,"failureMessages":[]},{"ancestorTitles":["","ProjectCard"],"fullName":" ProjectCard should apply pinned styles when project is pinned","status":"passed","title":"should apply pinned styles when project is pinned","duration":4,"failureMessages":[]},{"ancestorTitles":["","ProjectCard"],"fullName":" ProjectCard should render pinned DEFAULT badge when project is pinned","status":"passed","title":"should render pinned DEFAULT badge when project is pinned","duration":3,"failureMessages":[]},{"ancestorTitles":["","ProjectCard"],"fullName":" ProjectCard should not render DEFAULT badge when project is not pinned","status":"passed","title":"should not render DEFAULT badge when project is not pinned","duration":3,"failureMessages":[]},{"ancestorTitles":["","ProjectCard"],"fullName":" ProjectCard should show zero task counts correctly","status":"passed","title":"should show zero task counts correctly","duration":4,"failureMessages":[]},{"ancestorTitles":["","ProjectCard"],"fullName":" ProjectCard should handle very long project titles","status":"passed","title":"should handle very long project titles","duration":3,"failureMessages":[]}],"startTime":1767127015685,"endTime":1767127015799,"status":"passed","message":"","name":"/Users/abhilashchadhar/uncloud/Chipos-workarea/ChipOS-with-chat/ChipOS/chipos-acf/chipos-ui-main/src/features/projects/components/tests/ProjectCard.test.tsx"},{"assertionResults":[{"ancestorTitles":["","useProjectQueries","projectKeys"],"fullName":" useProjectQueries projectKeys should generate correct query keys","status":"passed","title":"should generate correct query keys","duration":0,"failureMessages":[]},{"ancestorTitles":["","useProjectQueries","useProjects"],"fullName":" useProjectQueries useProjects should fetch projects list","status":"passed","title":"should fetch projects list","duration":61,"failureMessages":[]},{"ancestorTitles":["","useProjectQueries","useCreateProject"],"fullName":" useProjectQueries useCreateProject should optimistically add project and replace with server response","status":"passed","title":"should optimistically add project and replace with server response","duration":54,"failureMessages":[]},{"ancestorTitles":["","useProjectQueries","useCreateProject"],"fullName":" useProjectQueries useCreateProject should rollback on error","status":"passed","title":"should rollback on error","duration":4,"failureMessages":[]},{"ancestorTitles":["","useProjectQueries","useUpdateProject"],"fullName":" useProjectQueries useUpdateProject should handle pinning a project","status":"passed","title":"should handle pinning a project","duration":53,"failureMessages":[]},{"ancestorTitles":["","useProjectQueries","useDeleteProject"],"fullName":" useProjectQueries useDeleteProject should optimistically remove project","status":"passed","title":"should optimistically remove project","duration":53,"failureMessages":[]},{"ancestorTitles":["","useProjectQueries","useDeleteProject"],"fullName":" useProjectQueries useDeleteProject should rollback on delete error","status":"passed","title":"should rollback on delete error","duration":1,"failureMessages":[]}],"startTime":1767127014122,"endTime":1767127014348,"status":"passed","message":"","name":"/Users/abhilashchadhar/uncloud/Chipos-workarea/ChipOS-with-chat/ChipOS/chipos-acf/chipos-ui-main/src/features/projects/hooks/tests/useProjectQueries.test.ts"},{"assertionResults":[{"ancestorTitles":["","useSmartPolling"],"fullName":" useSmartPolling should return the base interval when document is visible and focused","status":"passed","title":"should return the base interval when document is visible and focused","duration":6,"failureMessages":[]},{"ancestorTitles":["","useSmartPolling"],"fullName":" useSmartPolling should disable polling when document is hidden","status":"passed","title":"should disable polling when document is hidden","duration":2,"failureMessages":[]},{"ancestorTitles":["","useSmartPolling"],"fullName":" useSmartPolling should resume polling when document becomes visible again","status":"passed","title":"should resume polling when document becomes visible again","duration":1,"failureMessages":[]},{"ancestorTitles":["","useSmartPolling"],"fullName":" useSmartPolling should slow down to 60 seconds when window loses focus","status":"passed","title":"should slow down to 60 seconds when window loses focus","duration":1,"failureMessages":[]},{"ancestorTitles":["","useSmartPolling"],"fullName":" useSmartPolling should resume normal speed when window regains focus","status":"passed","title":"should resume normal speed when window regains focus","duration":1,"failureMessages":[]},{"ancestorTitles":["","useSmartPolling"],"fullName":" useSmartPolling should handle different base intervals","status":"passed","title":"should handle different base intervals","duration":1,"failureMessages":[]},{"ancestorTitles":["","useSmartPolling"],"fullName":" useSmartPolling should use default interval of 10000ms when not specified","status":"passed","title":"should use default interval of 10000ms when not specified","duration":1,"failureMessages":[]},{"ancestorTitles":["","useSmartPolling"],"fullName":" useSmartPolling should cleanup event listeners on unmount","status":"passed","title":"should cleanup event listeners on unmount","duration":2,"failureMessages":[]},{"ancestorTitles":["","useSmartPolling"],"fullName":" useSmartPolling should correctly report isActive state","status":"passed","title":"should correctly report isActive state","duration":1,"failureMessages":[]}],"startTime":1767127013949,"endTime":1767127013965,"status":"passed","message":"","name":"/Users/abhilashchadhar/uncloud/Chipos-workarea/ChipOS-with-chat/ChipOS/chipos-acf/chipos-ui-main/src/features/ui/hooks/tests/useSmartPolling.test.ts"},{"assertionResults":[{"ancestorTitles":["","useVersionQueries"],"fullName":" useVersionQueries returns version check data","status":"passed","title":"returns version check data","duration":60,"failureMessages":[]},{"ancestorTitles":["","useVersionQueries"],"fullName":" useVersionQueries clears cache and invalidates query","status":"passed","title":"clears cache and invalidates query","duration":2,"failureMessages":[]}],"startTime":1767127014120,"endTime":1767127014182,"status":"passed","message":"","name":"/Users/abhilashchadhar/uncloud/Chipos-workarea/ChipOS-with-chat/ChipOS/chipos-acf/chipos-ui-main/src/features/settings/version/hooks/tests/useVersionQueries.test.ts"},{"assertionResults":[{"ancestorTitles":["","useMigrationQueries"],"fullName":" useMigrationQueries fetches migration status","status":"passed","title":"fetches migration status","duration":59,"failureMessages":[]},{"ancestorTitles":["","useMigrationQueries"],"fullName":" useMigrationQueries fetches pending migrations","status":"passed","title":"fetches pending migrations","duration":54,"failureMessages":[]}],"startTime":1767127014120,"endTime":1767127014233,"status":"passed","message":"","name":"/Users/abhilashchadhar/uncloud/Chipos-workarea/ChipOS-with-chat/ChipOS/chipos-acf/chipos-ui-main/src/features/settings/migrations/hooks/tests/useMigrationQueries.test.ts"},{"assertionResults":[{"ancestorTitles":["","useTaskQueries","taskKeys"],"fullName":" useTaskQueries taskKeys should generate correct query keys","status":"passed","title":"should generate correct query keys","duration":0,"failureMessages":[]},{"ancestorTitles":["","useTaskQueries","useProjectTasks"],"fullName":" useTaskQueries useProjectTasks should fetch tasks for a project","status":"passed","title":"should fetch tasks for a project","duration":60,"failureMessages":[]},{"ancestorTitles":["","useTaskQueries","useProjectTasks"],"fullName":" useTaskQueries useProjectTasks should not fetch tasks when projectId is undefined","status":"passed","title":"should not fetch tasks when projectId is undefined","duration":2,"failureMessages":[]},{"ancestorTitles":["","useTaskQueries","useProjectTasks"],"fullName":" useTaskQueries useProjectTasks should respect enabled flag","status":"passed","title":"should respect enabled flag","duration":1,"failureMessages":[]},{"ancestorTitles":["","useTaskQueries","useCreateTask"],"fullName":" useTaskQueries useCreateTask should optimistically add task and replace with server response","status":"passed","title":"should optimistically add task and replace with server response","duration":54,"failureMessages":[]},{"ancestorTitles":["","useTaskQueries","useCreateTask"],"fullName":" useTaskQueries useCreateTask should provide default values for optional fields","status":"passed","title":"should provide default values for optional fields","duration":53,"failureMessages":[]},{"ancestorTitles":["","useTaskQueries","useCreateTask"],"fullName":" useTaskQueries useCreateTask should rollback on error","status":"passed","title":"should rollback on error","duration":3,"failureMessages":[]}],"startTime":1767127014259,"endTime":1767127014432,"status":"passed","message":"","name":"/Users/abhilashchadhar/uncloud/Chipos-workarea/ChipOS-with-chat/ChipOS/chipos-acf/chipos-ui-main/src/features/projects/tasks/hooks/tests/useTaskQueries.test.ts"}]}