{"numTotalTestSuites":133,"numPassedTestSuites":133,"numFailedTestSuites":0,"numPendingTestSuites":0,"numTotalTests":381,"numPassedTests":381,"numFailedTests":0,"numPendingTests":0,"numTodoTests":0,"startTime":1769113364250,"success":true,"testResults":[{"assertionResults":[{"ancestorTitles":["","PrivacyCompliancePanel"],"fullName":" PrivacyCompliancePanel shows self-service controls when admin access is missing","status":"passed","title":"shows self-service controls when admin access is missing","duration":72,"failureMessages":[]},{"ancestorTitles":["","PrivacyCompliancePanel"],"fullName":" PrivacyCompliancePanel renders DSAR export controls for admins","status":"passed","title":"renders DSAR export controls for admins","duration":52,"failureMessages":[]}],"startTime":1769113373226,"endTime":1769113373350,"status":"passed","message":"","name":"/Users/abhilashchadhar/uncloud/ChipOS-jan/ChipOS/chipos-acf/chipos-ui-main/src/components/settings/PrivacyCompliancePanel.test.tsx"},{"assertionResults":[{"ancestorTitles":["","RAGHealthBadge","Loading State"],"fullName":" RAGHealthBadge Loading State shows loading spinner when isLoading is true","status":"passed","title":"shows loading spinner when isLoading is true","duration":14,"failureMessages":[]},{"ancestorTitles":["","RAGHealthBadge","Loading State"],"fullName":" RAGHealthBadge Loading State does not show loading text in compact mode","status":"passed","title":"does not show loading text in compact mode","duration":2,"failureMessages":[]},{"ancestorTitles":["","RAGHealthBadge","Healthy Status"],"fullName":" RAGHealthBadge Healthy Status renders healthy badge with correct score","status":"passed","title":"renders healthy badge with correct score","duration":2,"failureMessages":[]},{"ancestorTitles":["","RAGHealthBadge","Healthy Status"],"fullName":" RAGHealthBadge Healthy Status applies green styling for healthy status","status":"passed","title":"applies green styling for healthy status","duration":2,"failureMessages":[]},{"ancestorTitles":["","RAGHealthBadge","Degraded Status"],"fullName":" RAGHealthBadge Degraded Status renders degraded badge with correct score","status":"passed","title":"renders degraded badge with correct score","duration":3,"failureMessages":[]},{"ancestorTitles":["","RAGHealthBadge","Degraded Status"],"fullName":" RAGHealthBadge Degraded Status applies yellow styling for degraded status","status":"passed","title":"applies yellow styling for degraded status","duration":1,"failureMessages":[]},{"ancestorTitles":["","RAGHealthBadge","Unhealthy Status"],"fullName":" RAGHealthBadge Unhealthy Status renders unhealthy badge with correct score","status":"passed","title":"renders unhealthy badge with correct score","duration":2,"failureMessages":[]},{"ancestorTitles":["","RAGHealthBadge","Unhealthy Status"],"fullName":" RAGHealthBadge Unhealthy Status applies red styling for unhealthy status","status":"passed","title":"applies red styling for unhealthy status","duration":1,"failureMessages":[]},{"ancestorTitles":["","RAGHealthBadge","Error Status"],"fullName":" RAGHealthBadge Error Status renders error badge with 0% score","status":"passed","title":"renders error badge with 0% score","duration":3,"failureMessages":[]},{"ancestorTitles":["","RAGHealthBadge","Not Evaluated State"],"fullName":" RAGHealthBadge Not Evaluated State shows N/A when no evaluation provided","status":"passed","title":"shows N/A when no evaluation provided","duration":1,"failureMessages":[]},{"ancestorTitles":["","RAGHealthBadge","Not Evaluated State"],"fullName":" RAGHealthBadge Not Evaluated State shows N/A when evaluation is undefined","status":"passed","title":"shows N/A when evaluation is undefined","duration":1,"failureMessages":[]},{"ancestorTitles":["","RAGHealthBadge","Compact Mode"],"fullName":" RAGHealthBadge Compact Mode does not show score text in compact mode","status":"passed","title":"does not show score text in compact mode","duration":1,"failureMessages":[]},{"ancestorTitles":["","RAGHealthBadge","Compact Mode"],"fullName":" RAGHealthBadge Compact Mode still shows icon in compact mode","status":"passed","title":"still shows icon in compact mode","duration":1,"failureMessages":[]},{"ancestorTitles":["","RAGHealthBadge","Tooltip"],"fullName":" RAGHealthBadge Tooltip shows tooltip on hover when showDetails is true","status":"passed","title":"shows tooltip on hover when showDetails is true","duration":9,"failureMessages":[]},{"ancestorTitles":["","RAGHealthBadge","Tooltip"],"fullName":" RAGHealthBadge Tooltip shows health score in tooltip","status":"passed","title":"shows health score in tooltip","duration":4,"failureMessages":[]},{"ancestorTitles":["","RAGHealthBadge","Tooltip"],"fullName":" RAGHealthBadge Tooltip shows retrieval success rate in tooltip when available","status":"passed","title":"shows retrieval success rate in tooltip when available","duration":4,"failureMessages":[]},{"ancestorTitles":["","RAGHealthBadge","Tooltip"],"fullName":" RAGHealthBadge Tooltip shows issues in tooltip when present","status":"passed","title":"shows issues in tooltip when present","duration":4,"failureMessages":[]},{"ancestorTitles":["","RAGHealthBadge","Tooltip"],"fullName":" RAGHealthBadge Tooltip shows multiple issues with correct severity icons","status":"passed","title":"shows multiple issues with correct severity icons","duration":5,"failureMessages":[]},{"ancestorTitles":["","RAGHealthBadge","Tooltip"],"fullName":" RAGHealthBadge Tooltip hides tooltip when showDetails is false","status":"passed","title":"hides tooltip when showDetails is false","duration":2,"failureMessages":[]},{"ancestorTitles":["","RAGHealthBadge","Refresh Button"],"fullName":" RAGHealthBadge Refresh Button shows refresh button in tooltip when onRefresh provided","status":"passed","title":"shows refresh button in tooltip when onRefresh provided","duration":26,"failureMessages":[]},{"ancestorTitles":["","RAGHealthBadge","Refresh Button"],"fullName":" RAGHealthBadge Refresh Button calls onRefresh when refresh button clicked","status":"passed","title":"calls onRefresh when refresh button clicked","duration":8,"failureMessages":[]},{"ancestorTitles":["","RAGHealthBadge","Refresh Button"],"fullName":" RAGHealthBadge Refresh Button shows Run Evaluation button for unevaluated sources","status":"passed","title":"shows Run Evaluation button for unevaluated sources","duration":5,"failureMessages":[]},{"ancestorTitles":["","RAGHealthBadge","Last Evaluated Time"],"fullName":" RAGHealthBadge Last Evaluated Time shows last evaluated time in tooltip","status":"passed","title":"shows last evaluated time in tooltip","duration":4,"failureMessages":[]},{"ancestorTitles":["","RAGHealthBadge","Edge Cases"],"fullName":" RAGHealthBadge Edge Cases handles evaluation with no issues array","status":"passed","title":"handles evaluation with no issues array","duration":2,"failureMessages":[]},{"ancestorTitles":["","RAGHealthBadge","Edge Cases"],"fullName":" RAGHealthBadge Edge Cases handles very low health score","status":"passed","title":"handles very low health score","duration":0,"failureMessages":[]},{"ancestorTitles":["","RAGHealthBadge","Edge Cases"],"fullName":" RAGHealthBadge Edge Cases rounds health score to nearest integer","status":"passed","title":"rounds health score to nearest integer","duration":1,"failureMessages":[]},{"ancestorTitles":["","RAGHealthBadge","Edge Cases"],"fullName":" RAGHealthBadge Edge Cases handles 100% health score","status":"passed","title":"handles 100% health score","duration":0,"failureMessages":[]}],"startTime":1769113371138,"endTime":1769113371246,"status":"passed","message":"","name":"/Users/abhilashchadhar/uncloud/ChipOS-jan/ChipOS/chipos-acf/chipos-ui-main/src/components/knowledge-base/tests/RAGHealthBadge.test.tsx"},{"assertionResults":[{"ancestorTitles":["","useUserAppAccess","TIER_HIERARCHY"],"fullName":" useUserAppAccess TIER_HIERARCHY should define correct tier order from lowest to highest","status":"passed","title":"should define correct tier order from lowest to highest","duration":1,"failureMessages":[]},{"ancestorTitles":["","useUserAppAccess","TIER_HIERARCHY"],"fullName":" useUserAppAccess TIER_HIERARCHY should have free as the lowest tier","status":"passed","title":"should have free as the lowest tier","duration":0,"failureMessages":[]},{"ancestorTitles":["","useUserAppAccess","TIER_HIERARCHY"],"fullName":" useUserAppAccess TIER_HIERARCHY should have enterprise-plus as the highest tier","status":"passed","title":"should have enterprise-plus as the highest tier","duration":0,"failureMessages":[]},{"ancestorTitles":["","useUserAppAccess","FEATURE_TIERS"],"fullName":" useUserAppAccess FEATURE_TIERS should define core features as free tier","status":"passed","title":"should define core features as free tier","duration":1,"failureMessages":[]},{"ancestorTitles":["","useUserAppAccess","FEATURE_TIERS"],"fullName":" useUserAppAccess FEATURE_TIERS should define pro features correctly","status":"passed","title":"should define pro features correctly","duration":0,"failureMessages":[]},{"ancestorTitles":["","useUserAppAccess","FEATURE_TIERS"],"fullName":" useUserAppAccess FEATURE_TIERS should define enterprise features correctly","status":"passed","title":"should define enterprise features correctly","duration":0,"failureMessages":[]},{"ancestorTitles":["","useUserAppAccess","userTier"],"fullName":" useUserAppAccess userTier should return free tier when no subscription exists","status":"passed","title":"should return free tier when no subscription exists","duration":8,"failureMessages":[]},{"ancestorTitles":["","useUserAppAccess","userTier"],"fullName":" useUserAppAccess userTier should return subscription tier when subscription exists","status":"passed","title":"should return subscription tier when subscription exists","duration":2,"failureMessages":[]},{"ancestorTitles":["","useUserAppAccess","userTier"],"fullName":" useUserAppAccess userTier should return enterprise tier correctly","status":"passed","title":"should return enterprise tier correctly","duration":2,"failureMessages":[]},{"ancestorTitles":["","useUserAppAccess","userTier"],"fullName":" useUserAppAccess userTier should return enterprise-plus tier correctly","status":"passed","title":"should return enterprise-plus tier correctly","duration":1,"failureMessages":[]},{"ancestorTitles":["","useUserAppAccess","hasAccessToTier"],"fullName":" useUserAppAccess hasAccessToTier should allow free user access to free tier only","status":"passed","title":"should allow free user access to free tier only","duration":3,"failureMessages":[]},{"ancestorTitles":["","useUserAppAccess","hasAccessToTier"],"fullName":" useUserAppAccess hasAccessToTier should allow pro user access to free and pro tiers","status":"passed","title":"should allow pro user access to free and pro tiers","duration":1,"failureMessages":[]},{"ancestorTitles":["","useUserAppAccess","hasAccessToTier"],"fullName":" useUserAppAccess hasAccessToTier should allow enterprise user access to free, pro, and enterprise tiers","status":"passed","title":"should allow enterprise user access to free, pro, and enterprise tiers","duration":1,"failureMessages":[]},{"ancestorTitles":["","useUserAppAccess","hasAccessToTier"],"fullName":" useUserAppAccess hasAccessToTier should allow enterprise-plus user access to all tiers","status":"passed","title":"should allow enterprise-plus user access to all tiers","duration":0,"failureMessages":[]},{"ancestorTitles":["","useUserAppAccess","hasAccessToFeature","free user"],"fullName":" useUserAppAccess hasAccessToFeature free user should have access to core features","status":"passed","title":"should have access to core features","duration":2,"failureMessages":[]},{"ancestorTitles":["","useUserAppAccess","hasAccessToFeature","free user"],"fullName":" useUserAppAccess hasAccessToFeature free user should NOT have access to pro features","status":"passed","title":"should NOT have access to pro features","duration":1,"failureMessages":[]},{"ancestorTitles":["","useUserAppAccess","hasAccessToFeature","free user"],"fullName":" useUserAppAccess hasAccessToFeature free user should NOT have access to enterprise features","status":"passed","title":"should NOT have access to enterprise features","duration":0,"failureMessages":[]},{"ancestorTitles":["","useUserAppAccess","hasAccessToFeature","free user"],"fullName":" useUserAppAccess hasAccessToFeature free user should have access to free-tier future apps","status":"passed","title":"should have access to free-tier future apps","duration":1,"failureMessages":[]},{"ancestorTitles":["","useUserAppAccess","hasAccessToFeature","pro user"],"fullName":" useUserAppAccess hasAccessToFeature pro user should have access to free and pro features","status":"passed","title":"should have access to free and pro features","duration":0,"failureMessages":[]},{"ancestorTitles":["","useUserAppAccess","hasAccessToFeature","pro user"],"fullName":" useUserAppAccess hasAccessToFeature pro user should NOT have access to enterprise features","status":"passed","title":"should NOT have access to enterprise features","duration":1,"failureMessages":[]},{"ancestorTitles":["","useUserAppAccess","hasAccessToFeature","enterprise user"],"fullName":" useUserAppAccess hasAccessToFeature enterprise user should have access to all defined features except enterprise-plus","status":"passed","title":"should have access to all defined features except enterprise-plus","duration":0,"failureMessages":[]},{"ancestorTitles":["","useUserAppAccess","hasAccessToFeature","unknown features"],"fullName":" useUserAppAccess hasAccessToFeature unknown features should default to free tier for unknown features","status":"passed","title":"should default to free tier for unknown features","duration":1,"failureMessages":[]},{"ancestorTitles":["","useUserAppAccess","isLoading"],"fullName":" useUserAppAccess isLoading should return true when subscription is loading","status":"passed","title":"should return true when subscription is loading","duration":0,"failureMessages":[]},{"ancestorTitles":["","useUserAppAccess","isLoading"],"fullName":" useUserAppAccess isLoading should return false when subscription is loaded","status":"passed","title":"should return false when subscription is loaded","duration":0,"failureMessages":[]},{"ancestorTitles":["","useUserAppAccess","no user"],"fullName":" useUserAppAccess no user should handle missing user gracefully","status":"passed","title":"should handle missing user gracefully","duration":1,"failureMessages":[]},{"ancestorTitles":["","useUserAppAccess","tier transitions"],"fullName":" useUserAppAccess tier transitions should update access when subscription changes from free to pro","status":"passed","title":"should update access when subscription changes from free to pro","duration":1,"failureMessages":[]},{"ancestorTitles":["","useUserAppAccess","tier transitions"],"fullName":" useUserAppAccess tier transitions should update access when subscription is canceled (downgrade)","status":"passed","title":"should update access when subscription is canceled (downgrade)","duration":1,"failureMessages":[]},{"ancestorTitles":["","Tier access matrix","free user"],"fullName":" Tier access matrix free user should have access to knowledge (requires free)","status":"passed","title":"should have access to knowledge (requires free)","duration":1,"failureMessages":[]},{"ancestorTitles":["","Tier access matrix","free user"],"fullName":" Tier access matrix free user should have access to projects (requires free)","status":"passed","title":"should have access to projects (requires free)","duration":0,"failureMessages":[]},{"ancestorTitles":["","Tier access matrix","free user"],"fullName":" Tier access matrix free user should have access to mcp (requires free)","status":"passed","title":"should have access to mcp (requires free)","duration":1,"failureMessages":[]},{"ancestorTitles":["","Tier access matrix","free user"],"fullName":" Tier access matrix free user should have access to settings (requires free)","status":"passed","title":"should have access to settings (requires free)","duration":0,"failureMessages":[]},{"ancestorTitles":["","Tier access matrix","free user"],"fullName":" Tier access matrix free user should have access to subscription (requires free)","status":"passed","title":"should have access to subscription (requires free)","duration":0,"failureMessages":[]},{"ancestorTitles":["","Tier access matrix","free user"],"fullName":" Tier access matrix free user should have access to raspberry-pi (requires free)","status":"passed","title":"should have access to raspberry-pi (requires free)","duration":1,"failureMessages":[]},{"ancestorTitles":["","Tier access matrix","free user"],"fullName":" Tier access matrix free user should have access to web-development (requires free)","status":"passed","title":"should have access to web-development (requires free)","duration":0,"failureMessages":[]},{"ancestorTitles":["","Tier access matrix","free user"],"fullName":" Tier access matrix free user should have access to documentation (requires free)","status":"passed","title":"should have access to documentation (requires free)","duration":0,"failureMessages":[]},{"ancestorTitles":["","Tier access matrix","free user"],"fullName":" Tier access matrix free user should NOT have access to cpu-dev (requires pro)","status":"passed","title":"should NOT have access to cpu-dev (requires pro)","duration":1,"failureMessages":[]},{"ancestorTitles":["","Tier access matrix","free user"],"fullName":" Tier access matrix free user should NOT have access to rtl-verification (requires pro)","status":"passed","title":"should NOT have access to rtl-verification (requires pro)","duration":0,"failureMessages":[]},{"ancestorTitles":["","Tier access matrix","free user"],"fullName":" Tier access matrix free user should NOT have access to spec-developer (requires pro)","status":"passed","title":"should NOT have access to spec-developer (requires pro)","duration":0,"failureMessages":[]},{"ancestorTitles":["","Tier access matrix","free user"],"fullName":" Tier access matrix free user should NOT have access to voyager-sdk (requires pro)","status":"passed","title":"should NOT have access to voyager-sdk (requires pro)","duration":1,"failureMessages":[]},{"ancestorTitles":["","Tier access matrix","free user"],"fullName":" Tier access matrix free user should NOT have access to physical-design (requires enterprise)","status":"passed","title":"should NOT have access to physical-design (requires enterprise)","duration":0,"failureMessages":[]},{"ancestorTitles":["","Tier access matrix","free user"],"fullName":" Tier access matrix free user should NOT have access to pd-verification (requires enterprise)","status":"passed","title":"should NOT have access to pd-verification (requires enterprise)","duration":0,"failureMessages":[]},{"ancestorTitles":["","Tier access matrix","free user"],"fullName":" Tier access matrix free user should NOT have access to hardware-programmer (requires enterprise)","status":"passed","title":"should NOT have access to hardware-programmer (requires enterprise)","duration":0,"failureMessages":[]},{"ancestorTitles":["","Tier access matrix","pro user"],"fullName":" Tier access matrix pro user should have access to knowledge (requires free)","status":"passed","title":"should have access to knowledge (requires free)","duration":1,"failureMessages":[]},{"ancestorTitles":["","Tier access matrix","pro user"],"fullName":" Tier access matrix pro user should have access to projects (requires free)","status":"passed","title":"should have access to projects (requires free)","duration":0,"failureMessages":[]},{"ancestorTitles":["","Tier access matrix","pro user"],"fullName":" Tier access matrix pro user should have access to mcp (requires free)","status":"passed","title":"should have access to mcp (requires free)","duration":0,"failureMessages":[]},{"ancestorTitles":["","Tier access matrix","pro user"],"fullName":" Tier access matrix pro user should have access to settings (requires free)","status":"passed","title":"should have access to settings (requires free)","duration":0,"failureMessages":[]},{"ancestorTitles":["","Tier access matrix","pro user"],"fullName":" Tier access matrix pro user should have access to subscription (requires free)","status":"passed","title":"should have access to subscription (requires free)","duration":0,"failureMessages":[]},{"ancestorTitles":["","Tier access matrix","pro user"],"fullName":" Tier access matrix pro user should have access to raspberry-pi (requires free)","status":"passed","title":"should have access to raspberry-pi (requires free)","duration":1,"failureMessages":[]},{"ancestorTitles":["","Tier access matrix","pro user"],"fullName":" Tier access matrix pro user should have access to web-development (requires free)","status":"passed","title":"should have access to web-development (requires free)","duration":0,"failureMessages":[]},{"ancestorTitles":["","Tier access matrix","pro user"],"fullName":" Tier access matrix pro user should have access to documentation (requires free)","status":"passed","title":"should have access to documentation (requires free)","duration":0,"failureMessages":[]},{"ancestorTitles":["","Tier access matrix","pro user"],"fullName":" Tier access matrix pro user should have access to cpu-dev (requires pro)","status":"passed","title":"should have access to cpu-dev (requires pro)","duration":0,"failureMessages":[]},{"ancestorTitles":["","Tier access matrix","pro user"],"fullName":" Tier access matrix pro user should have access to rtl-verification (requires pro)","status":"passed","title":"should have access to rtl-verification (requires pro)","duration":0,"failureMessages":[]},{"ancestorTitles":["","Tier access matrix","pro user"],"fullName":" Tier access matrix pro user should have access to spec-developer (requires pro)","status":"passed","title":"should have access to spec-developer (requires pro)","duration":1,"failureMessages":[]},{"ancestorTitles":["","Tier access matrix","pro user"],"fullName":" Tier access matrix pro user should have access to voyager-sdk (requires pro)","status":"passed","title":"should have access to voyager-sdk (requires pro)","duration":0,"failureMessages":[]},{"ancestorTitles":["","Tier access matrix","pro user"],"fullName":" Tier access matrix pro user should NOT have access to physical-design (requires enterprise)","status":"passed","title":"should NOT have access to physical-design (requires enterprise)","duration":0,"failureMessages":[]},{"ancestorTitles":["","Tier access matrix","pro user"],"fullName":" Tier access matrix pro user should NOT have access to pd-verification (requires enterprise)","status":"passed","title":"should NOT have access to pd-verification (requires enterprise)","duration":0,"failureMessages":[]},{"ancestorTitles":["","Tier access matrix","pro user"],"fullName":" Tier access matrix pro user should NOT have access to hardware-programmer (requires enterprise)","status":"passed","title":"should NOT have access to hardware-programmer (requires enterprise)","duration":0,"failureMessages":[]},{"ancestorTitles":["","Tier access matrix","enterprise user"],"fullName":" Tier access matrix enterprise user should have access to knowledge (requires free)","status":"passed","title":"should have access to knowledge (requires free)","duration":0,"failureMessages":[]},{"ancestorTitles":["","Tier access matrix","enterprise user"],"fullName":" Tier access matrix enterprise user should have access to projects (requires free)","status":"passed","title":"should have access to projects (requires free)","duration":0,"failureMessages":[]},{"ancestorTitles":["","Tier access matrix","enterprise user"],"fullName":" Tier access matrix enterprise user should have access to mcp (requires free)","status":"passed","title":"should have access to mcp (requires free)","duration":0,"failureMessages":[]},{"ancestorTitles":["","Tier access matrix","enterprise user"],"fullName":" Tier access matrix enterprise user should have access to settings (requires free)","status":"passed","title":"should have access to settings (requires free)","duration":0,"failureMessages":[]},{"ancestorTitles":["","Tier access matrix","enterprise user"],"fullName":" Tier access matrix enterprise user should have access to subscription (requires free)","status":"passed","title":"should have access to subscription (requires free)","duration":1,"failureMessages":[]},{"ancestorTitles":["","Tier access matrix","enterprise user"],"fullName":" Tier access matrix enterprise user should have access to raspberry-pi (requires free)","status":"passed","title":"should have access to raspberry-pi (requires free)","duration":0,"failureMessages":[]},{"ancestorTitles":["","Tier access matrix","enterprise user"],"fullName":" Tier access matrix enterprise user should have access to web-development (requires free)","status":"passed","title":"should have access to web-development (requires free)","duration":0,"failureMessages":[]},{"ancestorTitles":["","Tier access matrix","enterprise user"],"fullName":" Tier access matrix enterprise user should have access to documentation (requires free)","status":"passed","title":"should have access to documentation (requires free)","duration":0,"failureMessages":[]},{"ancestorTitles":["","Tier access matrix","enterprise user"],"fullName":" Tier access matrix enterprise user should have access to cpu-dev (requires pro)","status":"passed","title":"should have access to cpu-dev (requires pro)","duration":1,"failureMessages":[]},{"ancestorTitles":["","Tier access matrix","enterprise user"],"fullName":" Tier access matrix enterprise user should have access to rtl-verification (requires pro)","status":"passed","title":"should have access to rtl-verification (requires pro)","duration":0,"failureMessages":[]},{"ancestorTitles":["","Tier access matrix","enterprise user"],"fullName":" Tier access matrix enterprise user should have access to spec-developer (requires pro)","status":"passed","title":"should have access to spec-developer (requires pro)","duration":0,"failureMessages":[]},{"ancestorTitles":["","Tier access matrix","enterprise user"],"fullName":" Tier access matrix enterprise user should have access to voyager-sdk (requires pro)","status":"passed","title":"should have access to voyager-sdk (requires pro)","duration":0,"failureMessages":[]},{"ancestorTitles":["","Tier access matrix","enterprise user"],"fullName":" Tier access matrix enterprise user should have access to physical-design (requires enterprise)","status":"passed","title":"should have access to physical-design (requires enterprise)","duration":1,"failureMessages":[]},{"ancestorTitles":["","Tier access matrix","enterprise user"],"fullName":" Tier access matrix enterprise user should have access to pd-verification (requires enterprise)","status":"passed","title":"should have access to pd-verification (requires enterprise)","duration":0,"failureMessages":[]},{"ancestorTitles":["","Tier access matrix","enterprise user"],"fullName":" Tier access matrix enterprise user should have access to hardware-programmer (requires enterprise)","status":"passed","title":"should have access to hardware-programmer (requires enterprise)","duration":0,"failureMessages":[]},{"ancestorTitles":["","Tier access matrix","enterprise-plus user"],"fullName":" Tier access matrix enterprise-plus user should have access to knowledge (requires free)","status":"passed","title":"should have access to knowledge (requires free)","duration":1,"failureMessages":[]},{"ancestorTitles":["","Tier access matrix","enterprise-plus user"],"fullName":" Tier access matrix enterprise-plus user should have access to projects (requires free)","status":"passed","title":"should have access to projects (requires free)","duration":0,"failureMessages":[]},{"ancestorTitles":["","Tier access matrix","enterprise-plus user"],"fullName":" Tier access matrix enterprise-plus user should have access to mcp (requires free)","status":"passed","title":"should have access to mcp (requires free)","duration":0,"failureMessages":[]},{"ancestorTitles":["","Tier access matrix","enterprise-plus user"],"fullName":" Tier access matrix enterprise-plus user should have access to settings (requires free)","status":"passed","title":"should have access to settings (requires free)","duration":1,"failureMessages":[]},{"ancestorTitles":["","Tier access matrix","enterprise-plus user"],"fullName":" Tier access matrix enterprise-plus user should have access to subscription (requires free)","status":"passed","title":"should have access to subscription (requires free)","duration":0,"failureMessages":[]},{"ancestorTitles":["","Tier access matrix","enterprise-plus user"],"fullName":" Tier access matrix enterprise-plus user should have access to raspberry-pi (requires free)","status":"passed","title":"should have access to raspberry-pi (requires free)","duration":0,"failureMessages":[]},{"ancestorTitles":["","Tier access matrix","enterprise-plus user"],"fullName":" Tier access matrix enterprise-plus user should have access to web-development (requires free)","status":"passed","title":"should have access to web-development (requires free)","duration":0,"failureMessages":[]},{"ancestorTitles":["","Tier access matrix","enterprise-plus user"],"fullName":" Tier access matrix enterprise-plus user should have access to documentation (requires free)","status":"passed","title":"should have access to documentation (requires free)","duration":1,"failureMessages":[]},{"ancestorTitles":["","Tier access matrix","enterprise-plus user"],"fullName":" Tier access matrix enterprise-plus user should have access to cpu-dev (requires pro)","status":"passed","title":"should have access to cpu-dev (requires pro)","duration":0,"failureMessages":[]},{"ancestorTitles":["","Tier access matrix","enterprise-plus user"],"fullName":" Tier access matrix enterprise-plus user should have access to rtl-verification (requires pro)","status":"passed","title":"should have access to rtl-verification (requires pro)","duration":0,"failureMessages":[]},{"ancestorTitles":["","Tier access matrix","enterprise-plus user"],"fullName":" Tier access matrix enterprise-plus user should have access to spec-developer (requires pro)","status":"passed","title":"should have access to spec-developer (requires pro)","duration":0,"failureMessages":[]},{"ancestorTitles":["","Tier access matrix","enterprise-plus user"],"fullName":" Tier access matrix enterprise-plus user should have access to voyager-sdk (requires pro)","status":"passed","title":"should have access to voyager-sdk (requires pro)","duration":3,"failureMessages":[]},{"ancestorTitles":["","Tier access matrix","enterprise-plus user"],"fullName":" Tier access matrix enterprise-plus user should have access to physical-design (requires enterprise)","status":"passed","title":"should have access to physical-design (requires enterprise)","duration":0,"failureMessages":[]},{"ancestorTitles":["","Tier access matrix","enterprise-plus user"],"fullName":" Tier access matrix enterprise-plus user should have access to pd-verification (requires enterprise)","status":"passed","title":"should have access to pd-verification (requires enterprise)","duration":1,"failureMessages":[]},{"ancestorTitles":["","Tier access matrix","enterprise-plus user"],"fullName":" Tier access matrix enterprise-plus user should have access to hardware-programmer (requires enterprise)","status":"passed","title":"should have access to hardware-programmer (requires enterprise)","duration":0,"failureMessages":[]}],"startTime":1769113371314,"endTime":1769113371362,"status":"passed","message":"","name":"/Users/abhilashchadhar/uncloud/ChipOS-jan/ChipOS/chipos-acf/chipos-ui-main/src/features/apps/hooks/useUserAppAccess.test.tsx"},{"assertionResults":[{"ancestorTitles":["","AuthService","signIn"],"fullName":" AuthService signIn should sign in with valid credentials","status":"passed","title":"should sign in with valid credentials","duration":2,"failureMessages":[]},{"ancestorTitles":["","AuthService","signIn"],"fullName":" AuthService signIn should throw error on invalid credentials","status":"passed","title":"should throw error on invalid credentials","duration":0,"failureMessages":[]},{"ancestorTitles":["","AuthService","signIn"],"fullName":" AuthService signIn should throw error when no user returned","status":"passed","title":"should throw error when no user returned","duration":1,"failureMessages":[]},{"ancestorTitles":["","AuthService","signUp"],"fullName":" AuthService signUp should sign up with valid data","status":"passed","title":"should sign up with valid data","duration":0,"failureMessages":[]},{"ancestorTitles":["","AuthService","signUp"],"fullName":" AuthService signUp should throw error on duplicate email","status":"passed","title":"should throw error on duplicate email","duration":0,"failureMessages":[]},{"ancestorTitles":["","AuthService","signUp"],"fullName":" AuthService signUp should include metadata in sign up request","status":"passed","title":"should include metadata in sign up request","duration":5,"failureMessages":[]},{"ancestorTitles":["","AuthService","signOut"],"fullName":" AuthService signOut should sign out successfully","status":"passed","title":"should sign out successfully","duration":1,"failureMessages":[]},{"ancestorTitles":["","AuthService","signOut"],"fullName":" AuthService signOut should throw error on sign out failure","status":"passed","title":"should throw error on sign out failure","duration":0,"failureMessages":[]},{"ancestorTitles":["","AuthService","OAuth Providers","signInWithGoogle"],"fullName":" AuthService OAuth Providers signInWithGoogle should initiate Google OAuth flow","status":"passed","title":"should initiate Google OAuth flow","duration":2,"failureMessages":[]},{"ancestorTitles":["","AuthService","OAuth Providers","signInWithGoogle"],"fullName":" AuthService OAuth Providers signInWithGoogle should throw error on Google OAuth failure","status":"passed","title":"should throw error on Google OAuth failure","duration":0,"failureMessages":[]},{"ancestorTitles":["","AuthService","OAuth Providers","signInWithGitHub"],"fullName":" AuthService OAuth Providers signInWithGitHub should initiate GitHub OAuth flow","status":"passed","title":"should initiate GitHub OAuth flow","duration":0,"failureMessages":[]},{"ancestorTitles":["","AuthService","OAuth Providers","signInWithMicrosoft"],"fullName":" AuthService OAuth Providers signInWithMicrosoft should initiate Microsoft OAuth flow","status":"passed","title":"should initiate Microsoft OAuth flow","duration":0,"failureMessages":[]},{"ancestorTitles":["","AuthService","Session Management","getSession"],"fullName":" AuthService Session Management getSession should return current session","status":"passed","title":"should return current session","duration":0,"failureMessages":[]},{"ancestorTitles":["","AuthService","Session Management","getSession"],"fullName":" AuthService Session Management getSession should return null when no session","status":"passed","title":"should return null when no session","duration":0,"failureMessages":[]},{"ancestorTitles":["","AuthService","Session Management","getCurrentUser"],"fullName":" AuthService Session Management getCurrentUser should return current user","status":"passed","title":"should return current user","duration":0,"failureMessages":[]},{"ancestorTitles":["","AuthService","Session Management","getCurrentUser"],"fullName":" AuthService Session Management getCurrentUser should return null when no user","status":"passed","title":"should return null when no user","duration":0,"failureMessages":[]},{"ancestorTitles":["","AuthService","Session Management","refreshSession"],"fullName":" AuthService Session Management refreshSession should refresh session successfully","status":"passed","title":"should refresh session successfully","duration":0,"failureMessages":[]},{"ancestorTitles":["","AuthService","Session Management","refreshSession"],"fullName":" AuthService Session Management refreshSession should throw error on refresh failure","status":"passed","title":"should throw error on refresh failure","duration":1,"failureMessages":[]},{"ancestorTitles":["","AuthService","MFA Operations","setupMfa"],"fullName":" AuthService MFA Operations setupMfa should return QR code and secret for MFA setup","status":"passed","title":"should return QR code and secret for MFA setup","duration":0,"failureMessages":[]},{"ancestorTitles":["","AuthService","MFA Operations","setupMfa"],"fullName":" AuthService MFA Operations setupMfa should throw error on MFA setup failure","status":"passed","title":"should throw error on MFA setup failure","duration":0,"failureMessages":[]},{"ancestorTitles":["","AuthService","MFA Operations","verifyMfa"],"fullName":" AuthService MFA Operations verifyMfa should verify MFA code successfully","status":"passed","title":"should verify MFA code successfully","duration":1,"failureMessages":[]},{"ancestorTitles":["","AuthService","MFA Operations","verifyMfa"],"fullName":" AuthService MFA Operations verifyMfa should throw error when no session","status":"passed","title":"should throw error when no session","duration":0,"failureMessages":[]},{"ancestorTitles":["","AuthService","MFA Operations","verifyMfa"],"fullName":" AuthService MFA Operations verifyMfa should throw error when no TOTP factor enrolled","status":"passed","title":"should throw error when no TOTP factor enrolled","duration":0,"failureMessages":[]},{"ancestorTitles":["","AuthService","MFA Operations","verifyMfa"],"fullName":" AuthService MFA Operations verifyMfa should throw error on invalid MFA code","status":"passed","title":"should throw error on invalid MFA code","duration":0,"failureMessages":[]},{"ancestorTitles":["","AuthService","Redirect URL Generation"],"fullName":" AuthService Redirect URL Generation should generate correct redirect URL","status":"passed","title":"should generate correct redirect URL","duration":0,"failureMessages":[]},{"ancestorTitles":["","AuthService","isConfigured"],"fullName":" AuthService isConfigured should return true when auth is configured","status":"passed","title":"should return true when auth is configured","duration":0,"failureMessages":[]},{"ancestorTitles":["","AuthServiceError"],"fullName":" AuthServiceError should create error with message and code","status":"passed","title":"should create error with message and code","duration":0,"failureMessages":[]},{"ancestorTitles":["","AuthServiceError"],"fullName":" AuthServiceError should be instanceof Error","status":"passed","title":"should be instanceof Error","duration":0,"failureMessages":[]}],"startTime":1769113371041,"endTime":1769113371056,"status":"passed","message":"","name":"/Users/abhilashchadhar/uncloud/ChipOS-jan/ChipOS/chipos-acf/chipos-ui-main/src/features/auth/__tests__/authService.test.ts"},{"assertionResults":[{"ancestorTitles":["","PricingCards","rendering"],"fullName":" PricingCards rendering should render all plan cards","status":"passed","title":"should render all plan cards","duration":31,"failureMessages":[]},{"ancestorTitles":["","PricingCards","rendering"],"fullName":" PricingCards rendering should render billing interval toggle","status":"passed","title":"should render billing interval toggle","duration":8,"failureMessages":[]},{"ancestorTitles":["","PricingCards","rendering"],"fullName":" PricingCards rendering should render plan descriptions","status":"passed","title":"should render plan descriptions","duration":16,"failureMessages":[]},{"ancestorTitles":["","PricingCards","rendering"],"fullName":" PricingCards rendering should render CTA buttons for each plan","status":"passed","title":"should render CTA buttons for each plan","duration":7,"failureMessages":[]},{"ancestorTitles":["","PricingCards","rendering"],"fullName":" PricingCards rendering should render features for each plan","status":"passed","title":"should render features for each plan","duration":9,"failureMessages":[]},{"ancestorTitles":["","PricingCards","rendering"],"fullName":" PricingCards rendering should handle empty plans array","status":"passed","title":"should handle empty plans array","duration":1,"failureMessages":[]},{"ancestorTitles":["","PricingCards","pricing display"],"fullName":" PricingCards pricing display should display monthly prices when interval is month","status":"passed","title":"should display monthly prices when interval is month","duration":9,"failureMessages":[]},{"ancestorTitles":["","PricingCards","pricing display"],"fullName":" PricingCards pricing display should display yearly prices divided by 12 when interval is year","status":"passed","title":"should display yearly prices divided by 12 when interval is year","duration":8,"failureMessages":[]},{"ancestorTitles":["","PricingCards","pricing display"],"fullName":" PricingCards pricing display should show /month suffix","status":"passed","title":"should show /month suffix","duration":7,"failureMessages":[]},{"ancestorTitles":["","PricingCards","pricing display"],"fullName":" PricingCards pricing display should show Free forever for free plan","status":"passed","title":"should show Free forever for free plan","duration":5,"failureMessages":[]},{"ancestorTitles":["","PricingCards","pricing display"],"fullName":" PricingCards pricing display should show savings percentage on yearly billing","status":"passed","title":"should show savings percentage on yearly billing","duration":7,"failureMessages":[]},{"ancestorTitles":["","PricingCards","pricing display"],"fullName":" PricingCards pricing display should show crossed out monthly price on yearly billing","status":"passed","title":"should show crossed out monthly price on yearly billing","duration":6,"failureMessages":[]},{"ancestorTitles":["","PricingCards","popular plan"],"fullName":" PricingCards popular plan should show Most Popular badge on Pro plan","status":"passed","title":"should show Most Popular badge on Pro plan","duration":4,"failureMessages":[]},{"ancestorTitles":["","PricingCards","popular plan"],"fullName":" PricingCards popular plan should only show one popular badge","status":"passed","title":"should only show one popular badge","duration":5,"failureMessages":[]},{"ancestorTitles":["","PricingCards","current plan indication"],"fullName":" PricingCards current plan indication should show Current badge on current tier","status":"passed","title":"should show Current badge on current tier","duration":4,"failureMessages":[]},{"ancestorTitles":["","PricingCards","current plan indication"],"fullName":" PricingCards current plan indication should show Current Plan text on button for current tier","status":"passed","title":"should show Current Plan text on button for current tier","duration":5,"failureMessages":[]},{"ancestorTitles":["","PricingCards","current plan indication"],"fullName":" PricingCards current plan indication should disable button for current tier","status":"passed","title":"should disable button for current tier","duration":5,"failureMessages":[]},{"ancestorTitles":["","PricingCards","current plan indication"],"fullName":" PricingCards current plan indication should not show Current badge when no currentTier","status":"passed","title":"should not show Current badge when no currentTier","duration":5,"failureMessages":[]},{"ancestorTitles":["","PricingCards","feature display"],"fullName":" PricingCards feature display should show check marks for included features","status":"passed","title":"should show check marks for included features","duration":3,"failureMessages":[]},{"ancestorTitles":["","PricingCards","feature display"],"fullName":" PricingCards feature display should show X marks for excluded features","status":"passed","title":"should show X marks for excluded features","duration":8,"failureMessages":[]},{"ancestorTitles":["","PricingCards","feature display"],"fullName":" PricingCards feature display should render all features for each plan","status":"passed","title":"should render all features for each plan","duration":7,"failureMessages":[]},{"ancestorTitles":["","PricingCards","billing interval toggle"],"fullName":" PricingCards billing interval toggle should call onBillingIntervalChange when Monthly clicked","status":"passed","title":"should call onBillingIntervalChange when Monthly clicked","duration":8,"failureMessages":[]},{"ancestorTitles":["","PricingCards","billing interval toggle"],"fullName":" PricingCards billing interval toggle should call onBillingIntervalChange when Yearly clicked","status":"passed","title":"should call onBillingIntervalChange when Yearly clicked","duration":4,"failureMessages":[]},{"ancestorTitles":["","PricingCards","billing interval toggle"],"fullName":" PricingCards billing interval toggle should show Save 17% badge on yearly toggle","status":"passed","title":"should show Save 17% badge on yearly toggle","duration":6,"failureMessages":[]},{"ancestorTitles":["","PricingCards","plan selection"],"fullName":" PricingCards plan selection should call onSelectPlan when CTA button clicked","status":"passed","title":"should call onSelectPlan when CTA button clicked","duration":4,"failureMessages":[]},{"ancestorTitles":["","PricingCards","plan selection"],"fullName":" PricingCards plan selection should call onSelectPlan with correct plan for Pro","status":"passed","title":"should call onSelectPlan with correct plan for Pro","duration":4,"failureMessages":[]},{"ancestorTitles":["","PricingCards","plan selection"],"fullName":" PricingCards plan selection should call onSelectPlan with Enterprise plan","status":"passed","title":"should call onSelectPlan with Enterprise plan","duration":4,"failureMessages":[]},{"ancestorTitles":["","PricingCards","plan selection"],"fullName":" PricingCards plan selection should not call onSelectPlan for current tier","status":"passed","title":"should not call onSelectPlan for current tier","duration":6,"failureMessages":[]},{"ancestorTitles":["","PricingCards","loading state"],"fullName":" PricingCards loading state should disable all buttons when loading","status":"passed","title":"should disable all buttons when loading","duration":27,"failureMessages":[]},{"ancestorTitles":["","PricingCards","loading state"],"fullName":" PricingCards loading state should show loading spinner when loading","status":"passed","title":"should show loading spinner when loading","duration":4,"failureMessages":[]},{"ancestorTitles":["","PricingCards","enterprise plan"],"fullName":" PricingCards enterprise plan should show Zap icon for Enterprise plan","status":"passed","title":"should show Zap icon for Enterprise plan","duration":7,"failureMessages":[]},{"ancestorTitles":["","PricingCards","enterprise plan"],"fullName":" PricingCards enterprise plan should have different styling for Enterprise CTA","status":"passed","title":"should have different styling for Enterprise CTA","duration":4,"failureMessages":[]},{"ancestorTitles":["","PricingCards","accessibility"],"fullName":" PricingCards accessibility should have accessible button labels","status":"passed","title":"should have accessible button labels","duration":8,"failureMessages":[]},{"ancestorTitles":["","PricingCards","accessibility"],"fullName":" PricingCards accessibility should have plan names as headings","status":"passed","title":"should have plan names as headings","duration":9,"failureMessages":[]},{"ancestorTitles":["","PricingCards","edge cases"],"fullName":" PricingCards edge cases should handle plan with no features","status":"passed","title":"should handle plan with no features","duration":2,"failureMessages":[]},{"ancestorTitles":["","PricingCards","edge cases"],"fullName":" PricingCards edge cases should handle plan with no Stripe price IDs","status":"passed","title":"should handle plan with no Stripe price IDs","duration":4,"failureMessages":[]},{"ancestorTitles":["","PricingCards","edge cases"],"fullName":" PricingCards edge cases should handle all plans as current tier","status":"passed","title":"should handle all plans as current tier","duration":4,"failureMessages":[]},{"ancestorTitles":["","PricingCards","edge cases"],"fullName":" PricingCards edge cases should handle very long feature names","status":"passed","title":"should handle very long feature names","duration":2,"failureMessages":[]}],"startTime":1769113371686,"endTime":1769113371954,"status":"passed","message":"","name":"/Users/abhilashchadhar/uncloud/ChipOS-jan/ChipOS/chipos-acf/chipos-ui-main/src/features/billing/components/PricingCards.test.tsx"},{"assertionResults":[{"ancestorTitles":["","SubscriptionStatus","no subscription state"],"fullName":" SubscriptionStatus no subscription state should show No Active Subscription when subscription is null","status":"passed","title":"should show No Active Subscription when subscription is null","duration":19,"failureMessages":[]},{"ancestorTitles":["","SubscriptionStatus","no subscription state"],"fullName":" SubscriptionStatus no subscription state should show No Active Subscription when plan is null","status":"passed","title":"should show No Active Subscription when plan is null","duration":3,"failureMessages":[]},{"ancestorTitles":["","SubscriptionStatus","no subscription state"],"fullName":" SubscriptionStatus no subscription state should show call-to-action message when no subscription","status":"passed","title":"should show call-to-action message when no subscription","duration":3,"failureMessages":[]},{"ancestorTitles":["","SubscriptionStatus","no subscription state"],"fullName":" SubscriptionStatus no subscription state should not show action buttons when no subscription","status":"passed","title":"should not show action buttons when no subscription","duration":2,"failureMessages":[]},{"ancestorTitles":["","SubscriptionStatus","active subscription display"],"fullName":" SubscriptionStatus active subscription display should display plan name","status":"passed","title":"should display plan name","duration":7,"failureMessages":[]},{"ancestorTitles":["","SubscriptionStatus","active subscription display"],"fullName":" SubscriptionStatus active subscription display should display plan description","status":"passed","title":"should display plan description","duration":5,"failureMessages":[]},{"ancestorTitles":["","SubscriptionStatus","active subscription display"],"fullName":" SubscriptionStatus active subscription display should display Active status badge","status":"passed","title":"should display Active status badge","duration":3,"failureMessages":[]},{"ancestorTitles":["","SubscriptionStatus","active subscription display"],"fullName":" SubscriptionStatus active subscription display should display monthly price for monthly subscription","status":"passed","title":"should display monthly price for monthly subscription","duration":5,"failureMessages":[]},{"ancestorTitles":["","SubscriptionStatus","active subscription display"],"fullName":" SubscriptionStatus active subscription display should display yearly price for yearly subscription","status":"passed","title":"should display yearly price for yearly subscription","duration":6,"failureMessages":[]},{"ancestorTitles":["","SubscriptionStatus","status badges"],"fullName":" SubscriptionStatus status badges should show Active status for active subscription","status":"passed","title":"should show Active status for active subscription","duration":6,"failureMessages":[]},{"ancestorTitles":["","SubscriptionStatus","status badges"],"fullName":" SubscriptionStatus status badges should show Trial status for trialing subscription","status":"passed","title":"should show Trial status for trialing subscription","duration":7,"failureMessages":[]},{"ancestorTitles":["","SubscriptionStatus","status badges"],"fullName":" SubscriptionStatus status badges should show Past Due status for past_due subscription","status":"passed","title":"should show Past Due status for past_due subscription","duration":4,"failureMessages":[]},{"ancestorTitles":["","SubscriptionStatus","status badges"],"fullName":" SubscriptionStatus status badges should show Canceled status for canceled subscription","status":"passed","title":"should show Canceled status for canceled subscription","duration":4,"failureMessages":[]},{"ancestorTitles":["","SubscriptionStatus","status badges"],"fullName":" SubscriptionStatus status badges should show Incomplete status for incomplete subscription","status":"passed","title":"should show Incomplete status for incomplete subscription","duration":3,"failureMessages":[]},{"ancestorTitles":["","SubscriptionStatus","status badges"],"fullName":" SubscriptionStatus status badges should show Expired status for incomplete_expired subscription","status":"passed","title":"should show Expired status for incomplete_expired subscription","duration":3,"failureMessages":[]},{"ancestorTitles":["","SubscriptionStatus","status badges"],"fullName":" SubscriptionStatus status badges should show Unpaid status for unpaid subscription","status":"passed","title":"should show Unpaid status for unpaid subscription","duration":4,"failureMessages":[]},{"ancestorTitles":["","SubscriptionStatus","status badges"],"fullName":" SubscriptionStatus status badges should show Paused status for paused subscription","status":"passed","title":"should show Paused status for paused subscription","duration":2,"failureMessages":[]},{"ancestorTitles":["","SubscriptionStatus","renewal and cancellation info"],"fullName":" SubscriptionStatus renewal and cancellation info should show days until renewal for active subscription","status":"passed","title":"should show days until renewal for active subscription","duration":4,"failureMessages":[]},{"ancestorTitles":["","SubscriptionStatus","renewal and cancellation info"],"fullName":" SubscriptionStatus renewal and cancellation info should show cancellation date when cancelAtPeriodEnd is true","status":"passed","title":"should show cancellation date when cancelAtPeriodEnd is true","duration":4,"failureMessages":[]},{"ancestorTitles":["","SubscriptionStatus","payment method display"],"fullName":" SubscriptionStatus payment method display should display default payment method card info","status":"passed","title":"should display default payment method card info","duration":3,"failureMessages":[]},{"ancestorTitles":["","SubscriptionStatus","payment method display"],"fullName":" SubscriptionStatus payment method display should capitalize card brand","status":"passed","title":"should capitalize card brand","duration":3,"failureMessages":[]},{"ancestorTitles":["","SubscriptionStatus","payment method display"],"fullName":" SubscriptionStatus payment method display should not show payment method when no default card","status":"passed","title":"should not show payment method when no default card","duration":2,"failureMessages":[]},{"ancestorTitles":["","SubscriptionStatus","payment method display"],"fullName":" SubscriptionStatus payment method display should handle empty payment methods array","status":"passed","title":"should handle empty payment methods array","duration":3,"failureMessages":[]},{"ancestorTitles":["","SubscriptionStatus","upcoming invoice display"],"fullName":" SubscriptionStatus upcoming invoice display should display upcoming invoice amount","status":"passed","title":"should display upcoming invoice amount","duration":4,"failureMessages":[]},{"ancestorTitles":["","SubscriptionStatus","upcoming invoice display"],"fullName":" SubscriptionStatus upcoming invoice display should not show upcoming invoice when not provided","status":"passed","title":"should not show upcoming invoice when not provided","duration":3,"failureMessages":[]},{"ancestorTitles":["","SubscriptionStatus","action buttons"],"fullName":" SubscriptionStatus action buttons should show Manage Subscription button","status":"passed","title":"should show Manage Subscription button","duration":2,"failureMessages":[]},{"ancestorTitles":["","SubscriptionStatus","action buttons"],"fullName":" SubscriptionStatus action buttons should show Update Payment button","status":"passed","title":"should show Update Payment button","duration":7,"failureMessages":[]},{"ancestorTitles":["","SubscriptionStatus","action buttons"],"fullName":" SubscriptionStatus action buttons should show View Invoices button","status":"passed","title":"should show View Invoices button","duration":3,"failureMessages":[]},{"ancestorTitles":["","SubscriptionStatus","action buttons"],"fullName":" SubscriptionStatus action buttons should call onManageSubscription when Manage Subscription clicked","status":"passed","title":"should call onManageSubscription when Manage Subscription clicked","duration":5,"failureMessages":[]},{"ancestorTitles":["","SubscriptionStatus","action buttons"],"fullName":" SubscriptionStatus action buttons should call onUpdatePaymentMethod when Update Payment clicked","status":"passed","title":"should call onUpdatePaymentMethod when Update Payment clicked","duration":5,"failureMessages":[]},{"ancestorTitles":["","SubscriptionStatus","action buttons"],"fullName":" SubscriptionStatus action buttons should call onViewInvoices when View Invoices clicked","status":"passed","title":"should call onViewInvoices when View Invoices clicked","duration":3,"failureMessages":[]},{"ancestorTitles":["","SubscriptionStatus","resume subscription"],"fullName":" SubscriptionStatus resume subscription should show Resume Subscription button when cancelAtPeriodEnd is true","status":"passed","title":"should show Resume Subscription button when cancelAtPeriodEnd is true","duration":2,"failureMessages":[]},{"ancestorTitles":["","SubscriptionStatus","resume subscription"],"fullName":" SubscriptionStatus resume subscription should not show Resume Subscription button for active subscription","status":"passed","title":"should not show Resume Subscription button for active subscription","duration":3,"failureMessages":[]},{"ancestorTitles":["","SubscriptionStatus","resume subscription"],"fullName":" SubscriptionStatus resume subscription should call onResumeSubscription when Resume clicked","status":"passed","title":"should call onResumeSubscription when Resume clicked","duration":4,"failureMessages":[]},{"ancestorTitles":["","SubscriptionStatus","resume subscription"],"fullName":" SubscriptionStatus resume subscription should not show Resume button when onResumeSubscription is not provided","status":"passed","title":"should not show Resume button when onResumeSubscription is not provided","duration":2,"failureMessages":[]},{"ancestorTitles":["","SubscriptionStatus","usage metrics"],"fullName":" SubscriptionStatus usage metrics should display usage metrics section header","status":"passed","title":"should display usage metrics section header","duration":3,"failureMessages":[]},{"ancestorTitles":["","SubscriptionStatus","usage metrics"],"fullName":" SubscriptionStatus usage metrics should display all usage metric names","status":"passed","title":"should display all usage metric names","duration":2,"failureMessages":[]},{"ancestorTitles":["","SubscriptionStatus","usage metrics"],"fullName":" SubscriptionStatus usage metrics should display current and limit values","status":"passed","title":"should display current and limit values","duration":3,"failureMessages":[]},{"ancestorTitles":["","SubscriptionStatus","usage metrics"],"fullName":" SubscriptionStatus usage metrics should display percentage used","status":"passed","title":"should display percentage used","duration":3,"failureMessages":[]},{"ancestorTitles":["","SubscriptionStatus","usage metrics"],"fullName":" SubscriptionStatus usage metrics should not show usage section when usage array is empty","status":"passed","title":"should not show usage section when usage array is empty","duration":1,"failureMessages":[]},{"ancestorTitles":["","SubscriptionStatus","usage card progress bar colors"],"fullName":" SubscriptionStatus usage card progress bar colors should show normal color for usage below 80%","status":"passed","title":"should show normal color for usage below 80%","duration":2,"failureMessages":[]},{"ancestorTitles":["","SubscriptionStatus","usage card progress bar colors"],"fullName":" SubscriptionStatus usage card progress bar colors should show warning color for usage at 80-94%","status":"passed","title":"should show warning color for usage at 80-94%","duration":5,"failureMessages":[]},{"ancestorTitles":["","SubscriptionStatus","usage card progress bar colors"],"fullName":" SubscriptionStatus usage card progress bar colors should show critical color for usage at 95%+","status":"passed","title":"should show critical color for usage at 95%+","duration":2,"failureMessages":[]},{"ancestorTitles":["","SubscriptionStatus","usage card progress bar colors"],"fullName":" SubscriptionStatus usage card progress bar colors should cap percentage at 100%","status":"passed","title":"should cap percentage at 100%","duration":2,"failureMessages":[]},{"ancestorTitles":["","SubscriptionStatus","different plan tiers"],"fullName":" SubscriptionStatus different plan tiers should display Free plan correctly","status":"passed","title":"should display Free plan correctly","duration":2,"failureMessages":[]},{"ancestorTitles":["","SubscriptionStatus","different plan tiers"],"fullName":" SubscriptionStatus different plan tiers should display Pro plan correctly","status":"passed","title":"should display Pro plan correctly","duration":3,"failureMessages":[]},{"ancestorTitles":["","SubscriptionStatus","different plan tiers"],"fullName":" SubscriptionStatus different plan tiers should display Enterprise plan correctly","status":"passed","title":"should display Enterprise plan correctly","duration":3,"failureMessages":[]},{"ancestorTitles":["","SubscriptionStatus","edge cases"],"fullName":" SubscriptionStatus edge cases should handle payment method without card info","status":"passed","title":"should handle payment method without card info","duration":2,"failureMessages":[]},{"ancestorTitles":["","SubscriptionStatus","edge cases"],"fullName":" SubscriptionStatus edge cases should handle very large usage numbers","status":"passed","title":"should handle very large usage numbers","duration":2,"failureMessages":[]},{"ancestorTitles":["","SubscriptionStatus","edge cases"],"fullName":" SubscriptionStatus edge cases should handle subscription with organization","status":"passed","title":"should handle subscription with organization","duration":4,"failureMessages":[]}],"startTime":1769113371687,"endTime":1769113371874,"status":"passed","message":"","name":"/Users/abhilashchadhar/uncloud/ChipOS-jan/ChipOS/chipos-acf/chipos-ui-main/src/features/billing/components/SubscriptionStatus.test.tsx"},{"assertionResults":[{"ancestorTitles":["","useBilling hooks","billingKeys"],"fullName":" useBilling hooks billingKeys should return all key as array with billing","status":"passed","title":"should return all key as array with billing","duration":2,"failureMessages":[]},{"ancestorTitles":["","useBilling hooks","billingKeys"],"fullName":" useBilling hooks billingKeys should return plans key","status":"passed","title":"should return plans key","duration":0,"failureMessages":[]},{"ancestorTitles":["","useBilling hooks","billingKeys"],"fullName":" useBilling hooks billingKeys should return subscription key with userId","status":"passed","title":"should return subscription key with userId","duration":0,"failureMessages":[]},{"ancestorTitles":["","useBilling hooks","billingKeys"],"fullName":" useBilling hooks billingKeys should return overview key with userId","status":"passed","title":"should return overview key with userId","duration":0,"failureMessages":[]},{"ancestorTitles":["","useBilling hooks","billingKeys"],"fullName":" useBilling hooks billingKeys should return paymentMethods key with customerId","status":"passed","title":"should return paymentMethods key with customerId","duration":0,"failureMessages":[]},{"ancestorTitles":["","useBilling hooks","billingKeys"],"fullName":" useBilling hooks billingKeys should return invoices key with customerId","status":"passed","title":"should return invoices key with customerId","duration":0,"failureMessages":[]},{"ancestorTitles":["","useBilling hooks","usePlans"],"fullName":" useBilling hooks usePlans should fetch plans successfully","status":"passed","title":"should fetch plans successfully","duration":61,"failureMessages":[]},{"ancestorTitles":["","useBilling hooks","usePlans"],"fullName":" useBilling hooks usePlans should return loading state initially","status":"passed","title":"should return loading state initially","duration":1,"failureMessages":[]},{"ancestorTitles":["","useBilling hooks","usePlans"],"fullName":" useBilling hooks usePlans should handle error state","status":"passed","title":"should handle error state","duration":54,"failureMessages":[]},{"ancestorTitles":["","useBilling hooks","usePlans"],"fullName":" useBilling hooks usePlans should cache plans for 1 hour (staleTime)","status":"passed","title":"should cache plans for 1 hour (staleTime)","duration":54,"failureMessages":[]},{"ancestorTitles":["","useBilling hooks","useSubscription"],"fullName":" useBilling hooks useSubscription should fetch subscription when userId provided","status":"passed","title":"should fetch subscription when userId provided","duration":54,"failureMessages":[]},{"ancestorTitles":["","useBilling hooks","useSubscription"],"fullName":" useBilling hooks useSubscription should be disabled when userId is undefined","status":"passed","title":"should be disabled when userId is undefined","duration":1,"failureMessages":[]},{"ancestorTitles":["","useBilling hooks","useSubscription"],"fullName":" useBilling hooks useSubscription should be disabled when userId is empty string","status":"passed","title":"should be disabled when userId is empty string","duration":1,"failureMessages":[]},{"ancestorTitles":["","useBilling hooks","useSubscription"],"fullName":" useBilling hooks useSubscription should return null for no subscription","status":"passed","title":"should return null for no subscription","duration":52,"failureMessages":[]},{"ancestorTitles":["","useBilling hooks","useSubscription"],"fullName":" useBilling hooks useSubscription should cache subscription for 5 minutes","status":"passed","title":"should cache subscription for 5 minutes","duration":55,"failureMessages":[]},{"ancestorTitles":["","useBilling hooks","useBillingOverview"],"fullName":" useBilling hooks useBillingOverview should fetch billing overview when userId provided","status":"passed","title":"should fetch billing overview when userId provided","duration":54,"failureMessages":[]},{"ancestorTitles":["","useBilling hooks","useBillingOverview"],"fullName":" useBilling hooks useBillingOverview should be disabled when userId is undefined","status":"passed","title":"should be disabled when userId is undefined","duration":1,"failureMessages":[]},{"ancestorTitles":["","useBilling hooks","useBillingOverview"],"fullName":" useBilling hooks useBillingOverview should return complete overview data","status":"passed","title":"should return complete overview data","duration":52,"failureMessages":[]},{"ancestorTitles":["","useBilling hooks","usePaymentMethods"],"fullName":" useBilling hooks usePaymentMethods should fetch payment methods when customerId provided","status":"passed","title":"should fetch payment methods when customerId provided","duration":54,"failureMessages":[]},{"ancestorTitles":["","useBilling hooks","usePaymentMethods"],"fullName":" useBilling hooks usePaymentMethods should be disabled when customerId is undefined","status":"passed","title":"should be disabled when customerId is undefined","duration":1,"failureMessages":[]},{"ancestorTitles":["","useBilling hooks","usePaymentMethods"],"fullName":" useBilling hooks usePaymentMethods should return empty array when no payment methods","status":"passed","title":"should return empty array when no payment methods","duration":53,"failureMessages":[]},{"ancestorTitles":["","useBilling hooks","useInvoices"],"fullName":" useBilling hooks useInvoices should fetch invoices when customerId provided","status":"passed","title":"should fetch invoices when customerId provided","duration":54,"failureMessages":[]},{"ancestorTitles":["","useBilling hooks","useInvoices"],"fullName":" useBilling hooks useInvoices should be disabled when customerId is undefined","status":"passed","title":"should be disabled when customerId is undefined","duration":1,"failureMessages":[]},{"ancestorTitles":["","useBilling hooks","useInvoices"],"fullName":" useBilling hooks useInvoices should respect custom limit parameter","status":"passed","title":"should respect custom limit parameter","duration":52,"failureMessages":[]},{"ancestorTitles":["","useBilling hooks","useInvoices"],"fullName":" useBilling hooks useInvoices should use default limit of 10","status":"passed","title":"should use default limit of 10","duration":3,"failureMessages":[]},{"ancestorTitles":["","useBilling hooks","useCreateCheckoutSession"],"fullName":" useBilling hooks useCreateCheckoutSession should create checkout session","status":"passed","title":"should create checkout session","duration":53,"failureMessages":[]},{"ancestorTitles":["","useBilling hooks","useCreateCheckoutSession"],"fullName":" useBilling hooks useCreateCheckoutSession should redirect to Stripe on success","status":"passed","title":"should redirect to Stripe on success","duration":54,"failureMessages":[]},{"ancestorTitles":["","useBilling hooks","useCreateCheckoutSession"],"fullName":" useBilling hooks useCreateCheckoutSession should handle error state","status":"passed","title":"should handle error state","duration":52,"failureMessages":[]},{"ancestorTitles":["","useBilling hooks","useCreateCheckoutSession"],"fullName":" useBilling hooks useCreateCheckoutSession should include couponId when provided","status":"passed","title":"should include couponId when provided","duration":52,"failureMessages":[]},{"ancestorTitles":["","useBilling hooks","useCustomerPortal"],"fullName":" useBilling hooks useCustomerPortal should create customer portal session","status":"passed","title":"should create customer portal session","duration":52,"failureMessages":[]},{"ancestorTitles":["","useBilling hooks","useCustomerPortal"],"fullName":" useBilling hooks useCustomerPortal should redirect to Stripe portal on success","status":"passed","title":"should redirect to Stripe portal on success","duration":53,"failureMessages":[]},{"ancestorTitles":["","useBilling hooks","useCustomerPortal"],"fullName":" useBilling hooks useCustomerPortal should handle error state","status":"passed","title":"should handle error state","duration":53,"failureMessages":[]},{"ancestorTitles":["","useBilling hooks","useUpdateSubscription"],"fullName":" useBilling hooks useUpdateSubscription should update subscription","status":"passed","title":"should update subscription","duration":54,"failureMessages":[]},{"ancestorTitles":["","useBilling hooks","useUpdateSubscription"],"fullName":" useBilling hooks useUpdateSubscription should invalidate subscription cache on success","status":"passed","title":"should invalidate subscription cache on success","duration":53,"failureMessages":[]},{"ancestorTitles":["","useBilling hooks","useUpdateSubscription"],"fullName":" useBilling hooks useUpdateSubscription should invalidate overview cache on success","status":"passed","title":"should invalidate overview cache on success","duration":53,"failureMessages":[]},{"ancestorTitles":["","useBilling hooks","useCancelSubscription"],"fullName":" useBilling hooks useCancelSubscription should cancel subscription","status":"passed","title":"should cancel subscription","duration":54,"failureMessages":[]},{"ancestorTitles":["","useBilling hooks","useCancelSubscription"],"fullName":" useBilling hooks useCancelSubscription should invalidate subscription cache on success","status":"passed","title":"should invalidate subscription cache on success","duration":52,"failureMessages":[]},{"ancestorTitles":["","useBilling hooks","useCancelSubscription"],"fullName":" useBilling hooks useCancelSubscription should invalidate overview cache on success","status":"passed","title":"should invalidate overview cache on success","duration":52,"failureMessages":[]},{"ancestorTitles":["","useBilling hooks","useResumeSubscription"],"fullName":" useBilling hooks useResumeSubscription should resume subscription","status":"passed","title":"should resume subscription","duration":53,"failureMessages":[]},{"ancestorTitles":["","useBilling hooks","useResumeSubscription"],"fullName":" useBilling hooks useResumeSubscription should invalidate subscription cache on success","status":"passed","title":"should invalidate subscription cache on success","duration":54,"failureMessages":[]},{"ancestorTitles":["","useBilling hooks","useResumeSubscription"],"fullName":" useBilling hooks useResumeSubscription should invalidate overview cache on success","status":"passed","title":"should invalidate overview cache on success","duration":52,"failureMessages":[]},{"ancestorTitles":["","useBilling hooks","useCheckout"],"fullName":" useBilling hooks useCheckout should build checkout request with monthly price","status":"passed","title":"should build checkout request with monthly price","duration":53,"failureMessages":[]},{"ancestorTitles":["","useBilling hooks","useCheckout"],"fullName":" useBilling hooks useCheckout should build checkout request with yearly price","status":"passed","title":"should build checkout request with yearly price","duration":53,"failureMessages":[]},{"ancestorTitles":["","useBilling hooks","useCheckout"],"fullName":" useBilling hooks useCheckout should not call API if no price ID configured","status":"passed","title":"should not call API if no price ID configured","duration":0,"failureMessages":[]},{"ancestorTitles":["","useBilling hooks","useCheckout"],"fullName":" useBilling hooks useCheckout should return loading state","status":"passed","title":"should return loading state","duration":54,"failureMessages":[]},{"ancestorTitles":["","useBilling hooks","useCheckout"],"fullName":" useBilling hooks useCheckout should return error on failure","status":"passed","title":"should return error on failure","duration":2,"failureMessages":[]},{"ancestorTitles":["","useBilling hooks","useCheckout"],"fullName":" useBilling hooks useCheckout should include success and cancel URLs","status":"passed","title":"should include success and cancel URLs","duration":51,"failureMessages":[]}],"startTime":1769113371318,"endTime":1769113373039,"status":"passed","message":"","name":"/Users/abhilashchadhar/uncloud/ChipOS-jan/ChipOS/chipos-acf/chipos-ui-main/src/features/billing/hooks/useBilling.test.tsx"},{"assertionResults":[{"ancestorTitles":["","billingService","defaultPlans"],"fullName":" billingService defaultPlans should have exactly 4 plans","status":"passed","title":"should have exactly 4 plans","duration":0,"failureMessages":[]},{"ancestorTitles":["","billingService","defaultPlans"],"fullName":" billingService defaultPlans should include free, pro, enterprise, and enterprise-plus tiers","status":"passed","title":"should include free, pro, enterprise, and enterprise-plus tiers","duration":0,"failureMessages":[]},{"ancestorTitles":["","billingService","defaultPlans"],"fullName":" billingService defaultPlans should have free plan with $0 pricing","status":"passed","title":"should have free plan with $0 pricing","duration":0,"failureMessages":[]},{"ancestorTitles":["","billingService","defaultPlans"],"fullName":" billingService defaultPlans should have pro plan marked as popular","status":"passed","title":"should have pro plan marked as popular","duration":0,"failureMessages":[]},{"ancestorTitles":["","billingService","defaultPlans"],"fullName":" billingService defaultPlans should have all plans with required fields","status":"passed","title":"should have all plans with required fields","duration":0,"failureMessages":[]},{"ancestorTitles":["","billingService","defaultPlans"],"fullName":" billingService defaultPlans should have optional Stripe price IDs for standard paid plans (pro, enterprise)","status":"passed","title":"should have optional Stripe price IDs for standard paid plans (pro, enterprise)","duration":1,"failureMessages":[]},{"ancestorTitles":["","billingService","defaultPlans"],"fullName":" billingService defaultPlans should not have Stripe price IDs for free plan","status":"passed","title":"should not have Stripe price IDs for free plan","duration":0,"failureMessages":[]},{"ancestorTitles":["","billingService","defaultPlans"],"fullName":" billingService defaultPlans should have custom pricing for enterprise-plus plan","status":"passed","title":"should have custom pricing for enterprise-plus plan","duration":0,"failureMessages":[]},{"ancestorTitles":["","billingService","defaultPlans"],"fullName":" billingService defaultPlans should have features with included/excluded indicators","status":"passed","title":"should have features with included/excluded indicators","duration":0,"failureMessages":[]},{"ancestorTitles":["","billingService","defaultPlans"],"fullName":" billingService defaultPlans should have highlighted features in non-free plans","status":"passed","title":"should have highlighted features in non-free plans","duration":0,"failureMessages":[]},{"ancestorTitles":["","billingService","getPlans"],"fullName":" billingService getPlans should fetch plans from API","status":"passed","title":"should fetch plans from API","duration":0,"failureMessages":[]},{"ancestorTitles":["","billingService","getPlans"],"fullName":" billingService getPlans should return default plans on API error","status":"passed","title":"should return default plans on API error","duration":0,"failureMessages":[]},{"ancestorTitles":["","billingService","getPlans"],"fullName":" billingService getPlans should return default plans on empty API response","status":"passed","title":"should return default plans on empty API response","duration":1,"failureMessages":[]},{"ancestorTitles":["","billingService","getSubscription"],"fullName":" billingService getSubscription should fetch subscription for user","status":"passed","title":"should fetch subscription for user","duration":0,"failureMessages":[]},{"ancestorTitles":["","billingService","getSubscription"],"fullName":" billingService getSubscription should return null on API error","status":"passed","title":"should return null on API error","duration":0,"failureMessages":[]},{"ancestorTitles":["","billingService","getSubscription"],"fullName":" billingService getSubscription should pass userId to API endpoint","status":"passed","title":"should pass userId to API endpoint","duration":0,"failureMessages":[]},{"ancestorTitles":["","billingService","getBillingOverview"],"fullName":" billingService getBillingOverview should fetch billing overview","status":"passed","title":"should fetch billing overview","duration":0,"failureMessages":[]},{"ancestorTitles":["","billingService","getBillingOverview"],"fullName":" billingService getBillingOverview should throw on API error","status":"passed","title":"should throw on API error","duration":0,"failureMessages":[]},{"ancestorTitles":["","billingService","getBillingOverview"],"fullName":" billingService getBillingOverview should return complete overview with all fields","status":"passed","title":"should return complete overview with all fields","duration":1,"failureMessages":[]},{"ancestorTitles":["","billingService","getPaymentMethods"],"fullName":" billingService getPaymentMethods should fetch payment methods for customer","status":"passed","title":"should fetch payment methods for customer","duration":0,"failureMessages":[]},{"ancestorTitles":["","billingService","getPaymentMethods"],"fullName":" billingService getPaymentMethods should return empty array on error","status":"passed","title":"should return empty array on 
[...]
Id","status":"passed","title":"should include optional couponId","duration":0,"failureMessages":[]},{"ancestorTitles":["","billingService","createCheckoutSession"],"fullName":" billingService createCheckoutSession should return session URL for redirect","status":"passed","title":"should return session URL for redirect","duration":0,"failureMessages":[]},{"ancestorTitles":["","billingService","createCheckoutSession"],"fullName":" billingService createCheckoutSession should throw on API error","status":"passed","title":"should throw on API error","duration":0,"failureMessages":[]},{"ancestorTitles":["","billingService","createCustomerPortalSession"],"fullName":" billingService createCustomerPortalSession should create customer portal session","status":"passed","title":"should create customer portal session","duration":1,"failureMessages":[]},{"ancestorTitles":["","billingService","createCustomerPortalSession"],"fullName":" billingService createCustomerPortalSession should return portal URL for redirect","status":"passed","title":"should return portal URL for redirect","duration":0,"failureMessages":[]},{"ancestorTitles":["","billingService","createCustomerPortalSession"],"fullName":" billingService createCustomerPortalSession should throw on API error","status":"passed","title":"should throw on API error","duration":0,"failureMessages":[]},{"ancestorTitles":["","billingService","updateSubscription"],"fullName":" billingService updateSubscription should update subscription to new plan","status":"passed","title":"should update subscription to new plan","duration":0,"failureMessages":[]},{"ancestorTitles":["","billingService","updateSubscription"],"fullName":" billingService updateSubscription should update billing interval","status":"passed","title":"should update billing interval","duration":0,"failureMessages":[]},{"ancestorTitles":["","billingService","updateSubscription"],"fullName":" billingService updateSubscription should throw on API error","status":"passed","title":"should throw on API error","duration":0,"failureMessages":[]},{"ancestorTitles":["","billingService","cancelSubscription"],"fullName":" billingService cancelSubscription should cancel subscription at period end","status":"passed","title":"should cancel subscription at period end","duration":0,"failureMessages":[]},{"ancestorTitles":["","billingService","cancelSubscription"],"fullName":" billingService cancelSubscription should throw on API error","status":"passed","title":"should throw on API error","duration":2,"failureMessages":[]},{"ancestorTitles":["","billingService","resumeSubscription"],"fullName":" billingService resumeSubscription should resume canceled subscription","status":"passed","title":"should resume canceled subscription","duration":0,"failureMessages":[]},{"ancestorTitles":["","billingService","resumeSubscription"],"fullName":" billingService resumeSubscription should throw on API error","status":"passed","title":"should throw on API error","duration":0,"failureMessages":[]},{"ancestorTitles":["","billingService","formatPrice"],"fullName":" billingService formatPrice should format price in EUR by default","status":"passed","title":"should format price in EUR by default","duration":20,"failureMessages":[]},{"ancestorTitles":["","billingService","formatPrice"],"fullName":" billingService formatPrice should format zero amount","status":"passed","title":"should format zero amount","duration":0,"failureMessages":[]},{"ancestorTitles":["","billingService","formatPrice"],"fullName":" billingService formatPrice should format decimal amounts","status":"passed","title":"should format decimal amounts","duration":0,"failureMessages":[]},{"ancestorTitles":["","billingService","formatPrice"],"fullName":" billingService formatPrice should format large amounts","status":"passed","title":"should format large amounts","duration":0,"failureMessages":[]},{"ancestorTitles":["","billingService","formatPrice"],"fullName":" billingService formatPrice should format with USD currency","status":"passed","title":"should format with USD currency","duration":0,"failureMessages":[]},{"ancestorTitles":["","billingService","formatPrice"],"fullName":" billingService formatPrice should format GBP","status":"passed","title":"should format GBP","duration":0,"failureMessages":[]},{"ancestorTitles":["","billingService","formatPrice"],"fullName":" billingService formatPrice should format JPY without decimals","status":"passed","title":"should format JPY without decimals","duration":1,"failureMessages":[]},{"ancestorTitles":["","billingService","formatPrice"],"fullName":" billingService formatPrice should handle negative amounts","status":"passed","title":"should handle negative amounts","duration":0,"failureMessages":[]},{"ancestorTitles":["","billingService","formatPrice"],"fullName":" billingService formatPrice should format cents correctly in EUR","status":"passed","title":"should format cents correctly in EUR","duration":0,"failureMessages":[]},{"ancestorTitles":["","billingService","calculateYearlySavings"],"fullName":" billingService calculateYearlySavings should calculate correct savings amount","status":"passed","title":"should calculate correct savings amount","duration":0,"failureMessages":[]},{"ancestorTitles":["","billingService","calculateYearlySavings"],"fullName":" billingService calculateYearlySavings should return 0 for free plan","status":"passed","title":"should return 0 for free plan","duration":0,"failureMessages":[]},{"ancestorTitles":["","billingService","calculateYearlySavings"],"fullName":" billingService calculateYearlySavings should calculate pro plan savings (v0.4: €18/mo, €180/yr)","status":"passed","title":"should calculate pro plan savings (v0.4: €18/mo, €180/yr)","duration":0,"failureMessages":[]},{"ancestorTitles":["","billingService","calculateYearlySavings"],"fullName":" billingService calculateYearlySavings should calculate enterprise plan savings (v0.4: €59/mo, €590/yr)","status":"passed","title":"should calculate enterprise plan savings (v0.4: €59/mo, €590/yr)","duration":0,"failureMessages":[]},{"ancestorTitles":["","billingService","calculateYearlySavings"],"fullName":" billingService calculateYearlySavings should handle no savings scenario","status":"passed","title":"should handle no savings scenario","duration":0,"failureMessages":[]},{"ancestorTitles":["","billingService","calculateYearlySavings"],"fullName":" billingService calculateYearlySavings should handle negative savings (yearly more expensive)","status":"passed","title":"should handle negative savings (yearly more expensive)","duration":0,"failureMessages":[]},{"ancestorTitles":["","billingService","calculateYearlySavingsPercentage"],"fullName":" billingService calculateYearlySavingsPercentage should return 0 for zero monthly price","status":"passed","title":"should return 0 for zero monthly price","duration":0,"failureMessages":[]},{"ancestorTitles":["","billingService","calculateYearlySavingsPercentage"],"fullName":" billingService calculateYearlySavingsPercentage should calculate ~17% savings for generic pricing","status":"passed","title":"should calculate ~17% savings for generic pricing","duration":0,"failureMessages":[]},{"ancestorTitles":["","billingService","calculateYearlySavingsPercentage"],"fullName":" billingService calculateYearlySavingsPercentage should calculate ~17% savings for pro plan (v0.4: €18/mo, €180/yr)","status":"passed","title":"should calculate ~17% savings for pro plan (v0.4: €18/mo, €180/yr)","duration":0,"failureMessages":[]},{"ancestorTitles":["","billingService","calculateYearlySavingsPercentage"],"fullName":" billingService calculateYearlySavingsPercentage should calculate ~17% savings for enterprise plan (v0.4: €59/mo, €590/yr)","status":"passed","title":"should calculate ~17% savings for enterprise plan (v0.4: €59/mo, €590/yr)","duration":1,"failureMessages":[]},{"ancestorTitles":["","billingService","calculateYearlySavingsPercentage"],"fullName":" billingService calculateYearlySavingsPercentage should round to nearest integer","status":"passed","title":"should round to nearest integer","duration":0,"failureMessages":[]},{"ancestorTitles":["","billingService","calculateYearlySavingsPercentage"],"fullName":" billingService calculateYearlySavingsPercentage should return 0 for no savings","status":"passed","title":"should return 0 for no savings","duration":0,"failureMessages":[]},{"ancestorTitles":["","billingService","calculateYearlySavingsPercentage"],"fullName":" billingService calculateYearlySavingsPercentage should handle 100% savings","status":"passed","title":"should handle 100% savings","duration":0,"failureMessages":[]},{"ancestorTitles":["","billingService","calculateYearlySavingsPercentage"],"fullName":" billingService calculateYearlySavingsPercentage should handle 50% savings","status":"passed","title":"should handle 50% savings","duration":0,"failureMessages":[]},{"ancestorTitles":["","billingService","retry logic"],"fullName":" billingService retry logic should use retry wrapper for API calls","status":"passed","title":"should use retry wrapper for API calls","duration":0,"failureMessages":[]},{"ancestorTitles":["","billingService","retry logic"],"fullName":" billingService retry logic should propagate retry errors","status":"passed","title":"should propagate retry errors","duration":1,"failureMessages":[]}],"startTime":1769113371057,"endTime":1769113371087,"status":"passed","message":"","name":"/Users/abhilashchadhar/uncloud/ChipOS-jan/ChipOS/chipos-acf/chipos-ui-main/src/features/billing/services/billingService.test.ts"},{"assertionResults":[{"ancestorTitles":["","useAgentWorkOrderQueries"],"fullName":" useAgentWorkOrderQueries lists work orders","status":"passed","title":"lists work orders","duration":64,"failureMessages":[]},{"ancestorTitles":["","useAgentWorkOrderQueries"],"fullName":" useAgentWorkOrderQueries creates a work order","status":"passed","title":"creates a work order","duration":2,"failureMessages":[]}],"startTime":1769113371316,"endTime":1769113371382,"status":"passed","message":"","name":"/Users/abhilashchadhar/uncloud/ChipOS-jan/ChipOS/chipos-acf/chipos-ui-main/src/features/agent-work-orders/hooks/tests/useAgentWorkOrderQueries.test.ts"},{"assertionResults":[{"ancestorTitles":["","ProjectCard"],"fullName":" ProjectCard should render project title","status":"passed","title":"should render project title","duration":31,"failureMessages":[]},{"ancestorTitles":["","ProjectCard"],"fullName":" ProjectCard should display task counts","status":"passed","title":"should display task counts","duration":7,"failureMessages":[]},{"ancestorTitles":["","ProjectCard"],"fullName":" ProjectCard should call onSelect when clicked","status":"passed","title":"should call onSelect when clicked","duration":25,"failureMessages":[]},{"ancestorTitles":["","ProjectCard"],"fullName":" ProjectCard should apply selected styles when isSelected is true","status":"passed","title":"should apply selected styles when isSelected is true","duration":25,"failureMessages":[]},{"ancestorTitles":["","ProjectCard"],"fullName":" ProjectCard should apply pinned styles when project is pinned","status":"passed","title":"should apply pinned styles when project is pinned","duration":6,"failureMessages":[]},{"ancestorTitles":["","ProjectCard"],"fullName":" ProjectCard should render pinned DEFAULT badge when project is pinned","status":"passed","title":"should render pinned DEFAULT badge when project is pinned","duration":5,"failureMessages":[]},{"ancestorTitles":["","ProjectCard"],"fullName":" ProjectCard should not render DEFAULT badge when project is not pinned","status":"passed","title":"should not render DEFAULT badge when project is not pinned","duration":7,"failureMessages":[]},{"ancestorTitles":["","ProjectCard"],"fullName":" ProjectCard should show zero task counts correctly","status":"passed","title":"should show zero task counts correctly","duration":4,"failureMessages":[]},{"ancestorTitles":["","ProjectCard"],"fullName":" ProjectCard should handle very long project titles","status":"passed","title":"should handle very long project titles","duration":5,"failureMessages":[]}],"startTime":1769113373046,"endTime":1769113373161,"status":"passed","message":"","name":"/Users/abhilashchadhar/uncloud/ChipOS-jan/ChipOS/chipos-acf/chipos-ui-main/src/features/projects/components/tests/ProjectCard.test.tsx"},{"assertionResults":[{"ancestorTitles":["","useProjectQueries","projectKeys"],"fullName":" useProjectQueries projectKeys should generate correct query keys","status":"passed","title":"should generate correct query keys","duration":1,"failureMessages":[]},{"ancestorTitles":["","useProjectQueries","useProjects"],"fullName":" useProjectQueries useProjects should fetch projects list","status":"passed","title":"should fetch projects list","duration":62,"failureMessages":[]},{"ancestorTitles":["","useProjectQueries","useCreateProject"],"fullName":" useProjectQueries useCreateProject should optimistically add project and replace with server response","status":"passed","title":"should optimistically add project and replace with server response","duration":55,"failureMessages":[]},{"ancestorTitles":["","useProjectQueries","useCreateProject"],"fullName":" useProjectQueries useCreateProject should rollback on error","status":"passed","title":"should rollback on error","duration":5,"failureMessages":[]},{"ancestorTitles":["","useProjectQueries","useUpdateProject"],"fullName":" useProjectQueries useUpdateProject should handle pinning a project","status":"passed","title":"should handle pinning a project","duration":54,"failureMessages":[]},{"ancestorTitles":["","useProjectQueries","useDeleteProject"],"fullName":" useProjectQueries useDeleteProject should optimistically remove project","status":"passed","title":"should optimistically remove project","duration":54,"failureMessages":[]},{"ancestorTitles":["","useProjectQueries","useDeleteProject"],"fullName":" useProjectQueries useDeleteProject should rollback on delete error","status":"passed","title":"should rollback on delete error","duration":1,"failureMessages":[]}],"startTime":1769113371315,"endTime":1769113371548,"status":"passed","message":"","name":"/Users/abhilashchadhar/uncloud/ChipOS-jan/ChipOS/chipos-acf/chipos-ui-main/src/features/projects/hooks/tests/useProjectQueries.test.ts"},{"assertionResults":[{"ancestorTitles":["","useSmartPolling"],"fullName":" useSmartPolling should return the base interval when document is visible and focused","status":"passed","title":"should return the base interval when document is visible and focused","duration":6,"failureMessages":[]},{"ancestorTitles":["","useSmartPolling"],"fullName":" useSmartPolling should disable polling when document is hidden","status":"passed","title":"should disable polling when document is hidden","duration":2,"failureMessages":[]},{"ancestorTitles":["","useSmartPolling"],"fullName":" useSmartPolling should resume polling when document becomes visible again","status":"passed","title":"should resume polling when document becomes visible again","duration":3,"failureMessages":[]},{"ancestorTitles":["","useSmartPolling"],"fullName":" useSmartPolling should slow down to 60 seconds when window loses focus","status":"passed","title":"should slow down to 60 seconds when window loses focus","duration":1,"failureMessages":[]},{"ancestorTitles":["","useSmartPolling"],"fullName":" useSmartPolling should resume normal speed when window regains focus","status":"passed","title":"should resume normal speed when window regains focus","duration":1,"failureMessages":[]},{"ancestorTitles":["","useSmartPolling"],"fullName":" useSmartPolling should handle different base intervals","status":"passed","title":"should handle different base intervals","duration":1,"failureMessages":[]},{"ancestorTitles":["","useSmartPolling"],"fullName":" useSmartPolling should use default interval of 10000ms when not specified","status":"passed","title":"should use default interval of 10000ms when not specified","duration":1,"failureMessages":[]},{"ancestorTitles":["","useSmartPolling"],"fullName":" useSmartPolling should cleanup event listeners on unmount","status":"passed","title":"should cleanup event listeners on unmount","duration":2,"failureMessages":[]},{"ancestorTitles":["","useSmartPolling"],"fullName":" useSmartPolling should correctly report isActive state","status":"passed","title":"should correctly report isActive state","duration":1,"failureMessages":[]}],"startTime":1769113371040,"endTime":1769113371058,"status":"passed","message":"","name":"/Users/abhilashchadhar/uncloud/ChipOS-jan/ChipOS/chipos-acf/chipos-ui-main/src/features/ui/hooks/tests/useSmartPolling.test.ts"},{"assertionResults":[{"ancestorTitles":["","useTaskQueries","taskKeys"],"fullName":" useTaskQueries taskKeys should generate correct query keys","status":"passed","title":"should generate correct query keys","duration":0,"failureMessages":[]},{"ancestorTitles":["","useTaskQueries","useProjectTasks"],"fullName":" useTaskQueries useProjectTasks should fetch tasks for a project","status":"passed","title":"should fetch tasks for a project","duration":61,"failureMessages":[]},{"ancestorTitles":["","useTaskQueries","useProjectTasks"],"fullName":" useTaskQueries useProjectTasks should not fetch tasks when projectId is undefined","status":"passed","title":"should not fetch tasks when projectId is undefined","duration":1,"failureMessages":[]},{"ancestorTitles":["","useTaskQueries","useProjectTasks"],"fullName":" useTaskQueries useProjectTasks should respect enabled flag","status":"passed","title":"should respect enabled flag","duration":2,"failureMessages":[]},{"ancestorTitles":["","useTaskQueries","useCreateTask"],"fullName":" useTaskQueries useCreateTask should optimistically add task and replace with server response","status":"passed","title":"should optimistically add task and replace with server response","duration":55,"failureMessages":[]},{"ancestorTitles":["","useTaskQueries","useCreateTask"],"fullName":" useTaskQueries useCreateTask should provide default values for optional fields","status":"passed","title":"should provide default values for optional fields","duration":53,"failureMessages":[]},{"ancestorTitles":["","useTaskQueries","useCreateTask"],"fullName":" useTaskQueries useCreateTask should rollback on error","status":"passed","title":"should rollback on error","duration":5,"failureMessages":[]}],"startTime":1769113371521,"endTime":1769113371698,"status":"passed","message":"","name":"/Users/abhilashchadhar/uncloud/ChipOS-jan/ChipOS/chipos-acf/chipos-ui-main/src/features/projects/tasks/hooks/tests/useTaskQueries.test.ts"},{"assertionResults":[{"ancestorTitles":["","useMigrationQueries"],"fullName":" useMigrationQueries fetches migration status","status":"passed","title":"fetches migration status","duration":63,"failureMessages":[]},{"ancestorTitles":["","useMigrationQueries"],"fullName":" useMigrationQueries fetches pending migrations","status":"passed","title":"fetches pending migrations","duration":54,"failureMessages":[]}],"startTime":1769113371317,"endTime":1769113371434,"status":"passed","message":"","name":"/Users/abhilashchadhar/uncloud/ChipOS-jan/ChipOS/chipos-acf/chipos-ui-main/src/features/settings/migrations/hooks/tests/useMigrationQueries.test.ts"},{"assertionResults":[{"ancestorTitles":["","useVersionQueries"],"fullName":" useVersionQueries returns version check data","status":"passed","title":"returns version check data","duration":61,"failureMessages":[]},{"ancestorTitles":["","useVersionQueries"],"fullName":" useVersionQueries clears cache and invalidates query","status":"passed","title":"clears cache and invalidates query","duration":2,"failureMessages":[]}],"startTime":1769113371866,"endTime":1769113371929,"status":"passed","message":"","name":"/Users/abhilashchadhar/uncloud/ChipOS-jan/ChipOS/chipos-acf/chipos-ui-main/src/features/settings/version/hooks/tests/useVersionQueries.test.ts"}]}